<?xml version="1.0" encoding="UTF-8"?>
<robot generator="Robot 3.2.2 (Python 3.9.0 on darwin)" generated="20201204 14:55:08.263" rpa="false">
<suite id="s1" name="TestCasesAPIBooks" source="/Users/samyra.almeida/Documents/TestAPI/BooksAPI/TestCasesAPIBooks.robot">
<kw name="Conectar a API" library="ResourceAPI" type="setup">
<kw name="Create Session" library="RequestsLibrary">
<doc>Create Session: create a HTTP session to a server</doc>
<arguments>
<arg>fakerestapi</arg>
<arg>${URL_API}</arg>
</arguments>
<msg timestamp="20201204 14:55:08.344" level="INFO">Creating Session using : alias=fakerestapi, url=http://fakerestapi.azurewebsites.net/api/v1/, headers={},                     cookies={}, auth=None, timeout=None, proxies=None, verify=False,                     debug=0 </msg>
<status status="PASS" starttime="20201204 14:55:08.344" endtime="20201204 14:55:08.344"></status>
</kw>
<kw name="Create Dictionary" library="BuiltIn">
<doc>Creates and returns a dictionary based on the given ``items``.</doc>
<arguments>
<arg>content-type=application/json</arg>
</arguments>
<assign>
<var>${HEADERS}</var>
</assign>
<msg timestamp="20201204 14:55:08.345" level="INFO">${HEADERS} = {'content-type': 'application/json'}</msg>
<status status="PASS" starttime="20201204 14:55:08.344" endtime="20201204 14:55:08.345"></status>
</kw>
<kw name="Set Suite Variable" library="BuiltIn">
<doc>Makes a variable available everywhere within the scope of the current suite.</doc>
<arguments>
<arg>${HEADERS}</arg>
</arguments>
<msg timestamp="20201204 14:55:08.345" level="INFO">${HEADERS} = {'content-type': 'application/json'}</msg>
<status status="PASS" starttime="20201204 14:55:08.345" endtime="20201204 14:55:08.345"></status>
</kw>
<status status="PASS" starttime="20201204 14:55:08.343" endtime="20201204 14:55:08.345"></status>
</kw>
<test id="s1-t1" name="Buscar a listagem de todos os livros (GET em todos os livros)">
<kw name="Requisitar todos os livros" library="ResourceAPI">
<kw name="Get Request" library="RequestsLibrary">
<doc>Send a GET request on the session object found using the
given `alias`</doc>
<arguments>
<arg>fakerestapi</arg>
<arg>Books</arg>
</arguments>
<assign>
<var>${RESPOSTA}</var>
</assign>
<msg timestamp="20201204 14:55:10.838" level="INFO">GET Request : url=http://fakerestapi.azurewebsites.net/api/v1//Books 
 path_url=/api/v1//Books 
 headers={'User-Agent': 'python-requests/2.25.0', 'Accept-Encoding': 'gzip, deflate', 'Accept': '*/*', 'Connection': 'keep-alive'} 
 body=None 
 </msg>
<msg timestamp="20201204 14:55:10.839" level="INFO">GET Response : url=http://fakerestapi.azurewebsites.net/api/v1//Books 
 status=200, reason=OK 
 body=[{"id":1,"title":"Book 1","description":"Lorem voluptua stet ipsum sit amet aliquam nihil ut voluptua no sanctus sit sed nostrud. Clita exerci stet exerci ipsum voluptua te odio illum. Stet est ut minim dolor erat esse dolore euismod takimata sit odio erat et ipsum dolor lobortis aliquam ipsum. Id dolor sadipscing duo ea iriure aliquam ea ipsum diam ut. Rebum volutpat et nulla sed at eos erat hendrerit ea ut ullamcorper sea. Dolore in augue ipsum ipsum. Eos takimata dolor et. Soluta consequat consetetur nonumy accusam ad amet est et takimata.\n","pageCount":100,"excerpt":"Dolor vero amet ex duo est elit clita molestie diam vero ea in justo elit at consequat. Nonumy erat duo et consetetur consetetur aliquyam wisi duo aliquam ut. Accusam ipsum lorem in sit erat tempor. Est lorem kasd diam no vero invidunt sed lorem ipsum erat sea. Velit erat stet ipsum ut autem ullamcorper accusam ut invidunt kasd at accusam erat. Kasd ut vero et assum sed. Ex dolor ea takimata praesent assum ut dolore et ipsum sed. Lorem ut sed labore sed lorem amet invidunt et gubergren amet feugait. Sadipscing aliquam dolores dolor erat gubergren nonumy. Tempor rebum amet ipsum dolore dolore dolores invidunt ipsum accusam accusam velit feugiat veniam justo et. Dolor possim eirmod sanctus euismod. Sit diam wisi vero justo duo augue tempor nonummy et eos et accusam. Justo amet labore.\nPraesent sit facilisis eos. Nihil duis eu liber dolore in dolores aliquyam sed ad duis stet diam ut lorem amet vero. In rebum sea stet lorem vero sit. Sanctus diam est diam vero odio dolores nibh. Tempor invidunt elitr in elitr est. Facilisi nibh sit. Eos euismod consequat dolore kasd dolore ut ut blandit duis et. No ipsum dolore diam sed sit hendrerit takimata sit aliquam ea elit. Et magna dolor gubergren illum. Elitr takimata diam et aliquyam voluptua takimata illum illum consequat at eos sed odio sit dolore. Kasd sed ut sed eirmod id gubergren lorem tation dolor et sed erat. Sit est mazim eum consequat dolor kasd dolores ut et. Sea et accusam dolore tempor no in.\nElitr eu iriure labore. Magna option accusam est eos nostrud ullamcorper amet duo sea lorem nisl erat eum delenit. No elitr ipsum euismod aliquyam eos accusam consetetur nonumy. Diam kasd sit. Ex dolor nulla nonumy lorem sit no dolor aliquyam sea consetetur sea ipsum stet no. Aliquyam nulla ipsum invidunt consectetuer velit gubergren nulla sed sea consetetur sed amet dolore. Iriure eu sanctus diam sadipscing consetetur nonumy gubergren kasd. Vel feugiat in erat et aliquam sadipscing labore suscipit stet et consetetur sed augue rebum. Magna ipsum iriure feugiat dolore magna amet kasd praesent voluptua. Et amet sea. Et euismod at ut. Amet dolor justo vero dolores sadipscing consetetur gubergren clita dolores velit consetetur voluptua diam stet diam zzril nobis et. Nonummy luptatum delenit dolor laoreet accusam. Ipsum est eirmod duo ipsum sed est. Labore erat et clita iusto invidunt commodo dolore kasd lobortis dolor eum et dolor sit commodo.\nLorem sit illum dolores et. Sit accumsan vel clita accumsan volutpat ipsum. Accusam no erat kasd kasd diam vel amet aliquyam ipsum et te vel.\nEt est accusam sadipscing amet. Ut molestie ipsum takimata molestie ea et. Velit consetetur autem duo accusam feugait delenit aliquyam diam invidunt illum et elitr gubergren ut sit. Lorem ullamcorper in consetetur in ipsum dolore et laoreet ad feugait sanctus lorem. Sea clita vulputate sea ipsum enim in. Ipsum et in dolore magna no erat aliquip consetetur option dolor dolor molestie. Vero erat rebum et. Tation nibh dolor est ipsum ut eleifend voluptua lorem vel no magna sit velit vel suscipit iriure amet. Dolore zzril sit at et amet vero nonumy accusam lorem. Eros id erat. Aliquyam dolor sit sed est dolor lorem et at ea. Duo labore et ipsum ea at sed diam eirmod minim.\n","publishDate":"2020-12-03T17:55:08.7402612+00:00"},{"id":2,"title":"Book 2","description":"Diam gubergren at nonumy dolore sed dolores at duo ut hendrerit. Sit eos volutpat feugiat consequat eos. Dolore sadipscing cum gubergren nonummy no duo congue consetetur amet diam in. Luptatum et eos dolor no sed duo est no diam ut et at clita sanctus sit erat delenit. Et aliquyam vero clita sadipscing. Kasd lorem stet nihil sanctus gubergren consetetur vel nibh elitr delenit amet amet dolor diam aliquyam feugiat nostrud. Dolor exerci dolor ipsum clita dolor ea duo lorem eros duo nonumy et lorem. Dolor elitr tincidunt facilisis ipsum autem sea lobortis eum et voluptua dolor erat dolor qui dolore. Amet consetetur sed takimata aliquyam dolor dolor amet hendrerit. Nostrud dolore exerci ipsum ut ut lorem est dolor ea dolor feugait dolor. Lorem accusam sed ex nonumy ut ipsum aliquyam et dolores nonumy sed sea iriure dolores in et. Amet sed ad diam justo et elit nostrud magna sed et amet praesent exerci sed aliquyam ipsum vero takimata. Nam facilisi amet ipsum praesent erat stet ea. Diam assum nisl vero accusam lorem vel minim rebum tempor clita justo clita lorem. Hendrerit et lorem amet eirmod feugiat.\n","pageCount":200,"excerpt":"Labore exerci eum molestie. Minim eos vero ipsum ut sit duis et amet diam. Consetetur tincidunt et aliquyam erat rebum at consetetur assum. Diam eu aliquyam vel. Et voluptua iriure aliquam justo consequat iriure sadipscing sit diam dolor nulla. Consetetur feugait gubergren no et tempor sanctus. Aliquyam et diam possim iriure lorem amet autem at feugait ad takimata sanctus. Consequat eros kasd ut amet eu duis dolore lorem no est sadipscing. Sed commodo magna magna no eros labore ut lorem diam. Sea ipsum imperdiet no id lorem labore nobis erat sed et elit dolore luptatum eirmod mazim facilisis. In aliquyam elit. Ut accusam sit consetetur dolor lorem. Iusto erat diam est at gubergren vel invidunt lobortis aliquam amet tincidunt justo. Eos takimata rebum et et et ut eos lobortis eos nostrud justo nam magna facilisis erat labore liber ea.\nCongue takimata clita lobortis odio dolore ullamcorper voluptua consetetur mazim at consetetur molestie consetetur ea. Gubergren sed dolore ea et takimata labore amet tempor justo ipsum at at. Minim voluptua invidunt takimata in feugiat accusam ipsum veniam et imperdiet dolor. Vulputate ut at ut nam clita hendrerit eos voluptua sit et eos elitr at. Diam dolores vel sed illum accusam aliquyam lorem takimata aliquyam consectetuer. Lorem stet justo clita duo accusam elitr dolor dolore ipsum vulputate kasd amet. Duis vulputate no dolor et invidunt est lorem eirmod. Sanctus wisi duis nulla te et amet lorem accusam consetetur elitr kasd sea nonumy est ipsum option amet. Takimata erat et eum invidunt diam. Possim kasd dolor consequat minim amet vero vero sanctus ut. Et lorem sed nisl dolore amet voluptua takimata lorem eu et sadipscing magna. Accumsan et no rebum sanctus et nulla eirmod. Lorem eirmod nulla sanctus ex sit invidunt et dolore et in dolores sit aliquyam eos ea est. Clita invidunt dolore qui molestie amet stet eirmod clita sed gubergren lorem stet. Clita et tation minim. Nonumy est kasd duo. Tempor eos et lobortis ut tempor sed eu ut minim et ut dolor.\nVoluptua hendrerit duis et at et et takimata feugait est dolor eirmod sea vero et qui. Erat dignissim et rebum consetetur sed duis dolor dolor erat amet ea ut. Rebum dolor eu amet ea sed diam kasd diam tempor minim duis ea et. Et tempor qui. Elit dolore kasd magna et et lorem stet sea molestie consetetur ea kasd vero quis consequat sed dolor. Justo sed eos sea. Amet volutpat minim sed elitr iriure ut invidunt rebum justo tempor. Volutpat luptatum sea duo dolores lorem esse magna sit justo diam iusto ut invidunt hendrerit dignissim ut amet magna.\nSit ea ut nobis magna et augue dolores elitr est elitr esse velit eirmod tincidunt nonumy. Ipsum sadipscing labore dolor duo diam erat consetetur sadipscing. Duo amet justo rebum. At erat feugiat et labore dolore enim sadipscing. Facilisi tempor autem sit. Magna dolore tempor aliquyam no. Elit gubergren diam sit elitr consetetur exerci. Et consetetur et eos facer erat clita voluptua ullamcorper sea est. Eirmod lorem sadipscing amet illum. Et sadipscing clita et duis accusam tation labore amet molestie ipsum lorem at feugait consetetur tempor sed. Sed ea elitr et eirmod eirmod sit amet voluptua sit elitr nulla volutpat magna et sanctus nulla magna. Consetetur erat sit dolor ullamcorper ipsum dolor. Takimata labore rebum eu sit et. Et et tempor sit nonumy. Gubergren suscipit sed et elitr lorem dolores accusam sed eum dolore erat sed.\nSit dolores qui dolores te. Est kasd magna diam sed vero volutpat nonummy iusto at. Voluptua sanctus labore nulla sit sanctus magna facilisis eu. Stet labore eos ex euismod et. Diam ipsum justo. Quis sed est. Dolor sanctus dolores at magna veniam est diam ut ipsum ut et gubergren. Elit eos vero magna voluptua et eos lorem wisi magna. Facilisi sit at et in magna diam erat eirmod lorem lorem aliquyam et ea sea sea. No zzril no vero. Nobis duo nulla te amet ipsum. Odio lorem esse lorem diam nulla kasd zzril labore aliquyam. Voluptua accusam kasd ipsum elit iriure sed ea amet ea. Invidunt duo et consetetur. Amet at facilisis ipsum. Euismod option dolore sanctus sit.\n","publishDate":"2020-12-02T17:55:08.7403486+00:00"},{"id":3,"title":"Book 3","description":"Accumsan dolores gubergren sed sed no dolor lorem no kasd sanctus voluptua diam praesent. Rebum nonummy quod justo consequat elit erat amet takimata in dolore nulla. Possim amet adipiscing et zzril. Gubergren et sea elitr amet no accusam feugait diam eirmod labore et facilisis lorem eirmod stet et dolore nulla.\n","pageCount":300,"excerpt":"Dolor sanctus dolor takimata amet esse nobis delenit. Kasd nonumy dolore ipsum elitr et. In ipsum gubergren nulla at te voluptua et liber et feugiat clita. Ut eirmod diam est sit takimata no facilisi ea ea sadipscing vulputate gubergren duo diam. Ad gubergren sea et. Doming eos duo duis consectetuer. Ut kasd et mazim takimata est dolore ullamcorper sanctus dolore lorem sanctus labore nonummy augue just... (set the log level to DEBUG or TRACE to see the full content) 
 </msg>
<msg timestamp="20201204 14:55:10.839" level="INFO">${RESPOSTA} = &lt;Response [200]&gt;</msg>
<status status="PASS" starttime="20201204 14:55:08.346" endtime="20201204 14:55:10.839"></status>
</kw>
<kw name="Log" library="BuiltIn">
<doc>Logs the given message with the given level.</doc>
<arguments>
<arg>${RESPOSTA.text}</arg>
</arguments>
<msg timestamp="20201204 14:55:10.844" level="INFO">[{"id":1,"title":"Book 1","description":"Lorem voluptua stet ipsum sit amet aliquam nihil ut voluptua no sanctus sit sed nostrud. Clita exerci stet exerci ipsum voluptua te odio illum. Stet est ut minim dolor erat esse dolore euismod takimata sit odio erat et ipsum dolor lobortis aliquam ipsum. Id dolor sadipscing duo ea iriure aliquam ea ipsum diam ut. Rebum volutpat et nulla sed at eos erat hendrerit ea ut ullamcorper sea. Dolore in augue ipsum ipsum. Eos takimata dolor et. Soluta consequat consetetur nonumy accusam ad amet est et takimata.\n","pageCount":100,"excerpt":"Dolor vero amet ex duo est elit clita molestie diam vero ea in justo elit at consequat. Nonumy erat duo et consetetur consetetur aliquyam wisi duo aliquam ut. Accusam ipsum lorem in sit erat tempor. Est lorem kasd diam no vero invidunt sed lorem ipsum erat sea. Velit erat stet ipsum ut autem ullamcorper accusam ut invidunt kasd at accusam erat. Kasd ut vero et assum sed. Ex dolor ea takimata praesent assum ut dolore et ipsum sed. Lorem ut sed labore sed lorem amet invidunt et gubergren amet feugait. Sadipscing aliquam dolores dolor erat gubergren nonumy. Tempor rebum amet ipsum dolore dolore dolores invidunt ipsum accusam accusam velit feugiat veniam justo et. Dolor possim eirmod sanctus euismod. Sit diam wisi vero justo duo augue tempor nonummy et eos et accusam. Justo amet labore.\nPraesent sit facilisis eos. Nihil duis eu liber dolore in dolores aliquyam sed ad duis stet diam ut lorem amet vero. In rebum sea stet lorem vero sit. Sanctus diam est diam vero odio dolores nibh. Tempor invidunt elitr in elitr est. Facilisi nibh sit. Eos euismod consequat dolore kasd dolore ut ut blandit duis et. No ipsum dolore diam sed sit hendrerit takimata sit aliquam ea elit. Et magna dolor gubergren illum. Elitr takimata diam et aliquyam voluptua takimata illum illum consequat at eos sed odio sit dolore. Kasd sed ut sed eirmod id gubergren lorem tation dolor et sed erat. Sit est mazim eum consequat dolor kasd dolores ut et. Sea et accusam dolore tempor no in.\nElitr eu iriure labore. Magna option accusam est eos nostrud ullamcorper amet duo sea lorem nisl erat eum delenit. No elitr ipsum euismod aliquyam eos accusam consetetur nonumy. Diam kasd sit. Ex dolor nulla nonumy lorem sit no dolor aliquyam sea consetetur sea ipsum stet no. Aliquyam nulla ipsum invidunt consectetuer velit gubergren nulla sed sea consetetur sed amet dolore. Iriure eu sanctus diam sadipscing consetetur nonumy gubergren kasd. Vel feugiat in erat et aliquam sadipscing labore suscipit stet et consetetur sed augue rebum. Magna ipsum iriure feugiat dolore magna amet kasd praesent voluptua. Et amet sea. Et euismod at ut. Amet dolor justo vero dolores sadipscing consetetur gubergren clita dolores velit consetetur voluptua diam stet diam zzril nobis et. Nonummy luptatum delenit dolor laoreet accusam. Ipsum est eirmod duo ipsum sed est. Labore erat et clita iusto invidunt commodo dolore kasd lobortis dolor eum et dolor sit commodo.\nLorem sit illum dolores et. Sit accumsan vel clita accumsan volutpat ipsum. Accusam no erat kasd kasd diam vel amet aliquyam ipsum et te vel.\nEt est accusam sadipscing amet. Ut molestie ipsum takimata molestie ea et. Velit consetetur autem duo accusam feugait delenit aliquyam diam invidunt illum et elitr gubergren ut sit. Lorem ullamcorper in consetetur in ipsum dolore et laoreet ad feugait sanctus lorem. Sea clita vulputate sea ipsum enim in. Ipsum et in dolore magna no erat aliquip consetetur option dolor dolor molestie. Vero erat rebum et. Tation nibh dolor est ipsum ut eleifend voluptua lorem vel no magna sit velit vel suscipit iriure amet. Dolore zzril sit at et amet vero nonumy accusam lorem. Eros id erat. Aliquyam dolor sit sed est dolor lorem et at ea. Duo labore et ipsum ea at sed diam eirmod minim.\n","publishDate":"2020-12-03T17:55:08.7402612+00:00"},{"id":2,"title":"Book 2","description":"Diam gubergren at nonumy dolore sed dolores at duo ut hendrerit. Sit eos volutpat feugiat consequat eos. Dolore sadipscing cum gubergren nonummy no duo congue consetetur amet diam in. Luptatum et eos dolor no sed duo est no diam ut et at clita sanctus sit erat delenit. Et aliquyam vero clita sadipscing. Kasd lorem stet nihil sanctus gubergren consetetur vel nibh elitr delenit amet amet dolor diam aliquyam feugiat nostrud. Dolor exerci dolor ipsum clita dolor ea duo lorem eros duo nonumy et lorem. Dolor elitr tincidunt facilisis ipsum autem sea lobortis eum et voluptua dolor erat dolor qui dolore. Amet consetetur sed takimata aliquyam dolor dolor amet hendrerit. Nostrud dolore exerci ipsum ut ut lorem est dolor ea dolor feugait dolor. Lorem accusam sed ex nonumy ut ipsum aliquyam et dolores nonumy sed sea iriure dolores in et. Amet sed ad diam justo et elit nostrud magna sed et amet praesent exerci sed aliquyam ipsum vero takimata. Nam facilisi amet ipsum praesent erat stet ea. Diam assum nisl vero accusam lorem vel minim rebum tempor clita justo clita lorem. Hendrerit et lorem amet eirmod feugiat.\n","pageCount":200,"excerpt":"Labore exerci eum molestie. Minim eos vero ipsum ut sit duis et amet diam. Consetetur tincidunt et aliquyam erat rebum at consetetur assum. Diam eu aliquyam vel. Et voluptua iriure aliquam justo consequat iriure sadipscing sit diam dolor nulla. Consetetur feugait gubergren no et tempor sanctus. Aliquyam et diam possim iriure lorem amet autem at feugait ad takimata sanctus. Consequat eros kasd ut amet eu duis dolore lorem no est sadipscing. Sed commodo magna magna no eros labore ut lorem diam. Sea ipsum imperdiet no id lorem labore nobis erat sed et elit dolore luptatum eirmod mazim facilisis. In aliquyam elit. Ut accusam sit consetetur dolor lorem. Iusto erat diam est at gubergren vel invidunt lobortis aliquam amet tincidunt justo. Eos takimata rebum et et et ut eos lobortis eos nostrud justo nam magna facilisis erat labore liber ea.\nCongue takimata clita lobortis odio dolore ullamcorper voluptua consetetur mazim at consetetur molestie consetetur ea. Gubergren sed dolore ea et takimata labore amet tempor justo ipsum at at. Minim voluptua invidunt takimata in feugiat accusam ipsum veniam et imperdiet dolor. Vulputate ut at ut nam clita hendrerit eos voluptua sit et eos elitr at. Diam dolores vel sed illum accusam aliquyam lorem takimata aliquyam consectetuer. Lorem stet justo clita duo accusam elitr dolor dolore ipsum vulputate kasd amet. Duis vulputate no dolor et invidunt est lorem eirmod. Sanctus wisi duis nulla te et amet lorem accusam consetetur elitr kasd sea nonumy est ipsum option amet. Takimata erat et eum invidunt diam. Possim kasd dolor consequat minim amet vero vero sanctus ut. Et lorem sed nisl dolore amet voluptua takimata lorem eu et sadipscing magna. Accumsan et no rebum sanctus et nulla eirmod. Lorem eirmod nulla sanctus ex sit invidunt et dolore et in dolores sit aliquyam eos ea est. Clita invidunt dolore qui molestie amet stet eirmod clita sed gubergren lorem stet. Clita et tation minim. Nonumy est kasd duo. Tempor eos et lobortis ut tempor sed eu ut minim et ut dolor.\nVoluptua hendrerit duis et at et et takimata feugait est dolor eirmod sea vero et qui. Erat dignissim et rebum consetetur sed duis dolor dolor erat amet ea ut. Rebum dolor eu amet ea sed diam kasd diam tempor minim duis ea et. Et tempor qui. Elit dolore kasd magna et et lorem stet sea molestie consetetur ea kasd vero quis consequat sed dolor. Justo sed eos sea. Amet volutpat minim sed elitr iriure ut invidunt rebum justo tempor. Volutpat luptatum sea duo dolores lorem esse magna sit justo diam iusto ut invidunt hendrerit dignissim ut amet magna.\nSit ea ut nobis magna et augue dolores elitr est elitr esse velit eirmod tincidunt nonumy. Ipsum sadipscing labore dolor duo diam erat consetetur sadipscing. Duo amet justo rebum. At erat feugiat et labore dolore enim sadipscing. Facilisi tempor autem sit. Magna dolore tempor aliquyam no. Elit gubergren diam sit elitr consetetur exerci. Et consetetur et eos facer erat clita voluptua ullamcorper sea est. Eirmod lorem sadipscing amet illum. Et sadipscing clita et duis accusam tation labore amet molestie ipsum lorem at feugait consetetur tempor sed. Sed ea elitr et eirmod eirmod sit amet voluptua sit elitr nulla volutpat magna et sanctus nulla magna. Consetetur erat sit dolor ullamcorper ipsum dolor. Takimata labore rebum eu sit et. Et et tempor sit nonumy. Gubergren suscipit sed et elitr lorem dolores accusam sed eum dolore erat sed.\nSit dolores qui dolores te. Est kasd magna diam sed vero volutpat nonummy iusto at. Voluptua sanctus labore nulla sit sanctus magna facilisis eu. Stet labore eos ex euismod et. Diam ipsum justo. Quis sed est. Dolor sanctus dolores at magna veniam est diam ut ipsum ut et gubergren. Elit eos vero magna voluptua et eos lorem wisi magna. Facilisi sit at et in magna diam erat eirmod lorem lorem aliquyam et ea sea sea. No zzril no vero. Nobis duo nulla te amet ipsum. Odio lorem esse lorem diam nulla kasd zzril labore aliquyam. Voluptua accusam kasd ipsum elit iriure sed ea amet ea. Invidunt duo et consetetur. Amet at facilisis ipsum. Euismod option dolore sanctus sit.\n","publishDate":"2020-12-02T17:55:08.7403486+00:00"},{"id":3,"title":"Book 3","description":"Accumsan dolores gubergren sed sed no dolor lorem no kasd sanctus voluptua diam praesent. Rebum nonummy quod justo consequat elit erat amet takimata in dolore nulla. Possim amet adipiscing et zzril. Gubergren et sea elitr amet no accusam feugait diam eirmod labore et facilisis lorem eirmod stet et dolore nulla.\n","pageCount":300,"excerpt":"Dolor sanctus dolor takimata amet esse nobis delenit. Kasd nonumy dolore ipsum elitr et. In ipsum gubergren nulla at te voluptua et liber et feugiat clita. Ut eirmod diam est sit takimata no facilisi ea ea sadipscing vulputate gubergren duo diam. Ad gubergren sea et. Doming eos duo duis consectetuer. Ut kasd et mazim takimata est dolore ullamcorper sanctus dolore lorem sanctus labore nonummy augue justo. Adipiscing sadipscing ipsum nibh feugiat erat elitr clita. Amet invidunt facilisi sanctus sed ipsum stet magna vulputate sit lorem takimata. Sed lorem nibh accusam sed gubergren nisl eos est ipsum voluptua duis dolore ullamcorper. Adipiscing elitr ex sed elit liber no consetetur dolor sit diam autem sadipscing esse est. Ipsum et dolore eu lorem. Facilisi nonummy dolore. Dolor feugait labore magna et suscipit labore augue enim amet rebum. Amet feugiat esse sanctus at et sea sed quis.\nClita eos diam justo diam et consectetuer ea et amet lorem elitr duo consetetur. Te et ea ipsum vero. Dolore vel ipsum commodo lorem minim quod amet eirmod et duo euismod amet. Sea ut invidunt. Consetetur erat aliquyam id aliquyam elitr sea nonumy veniam cum kasd ut rebum clita dolore takimata duis. Te blandit lorem takimata elitr et magna eos invidunt autem vero. Stet sadipscing voluptua ut. Sed veniam diam sit sanctus sadipscing dolore sit nonumy euismod dolor ut est dolore diam. Eu at nam tempor invidunt aliquam stet duis eos est gubergren magna nulla sanctus dolor ea diam. Ipsum ea accusam sadipscing ex.\nTakimata dolor no ut duis magna amet accusam luptatum ea erat aliquyam accusam invidunt vulputate nihil et erat aliquam. Et eirmod et magna ea duo et sit accusam diam possim sanctus. Justo sanctus magna ut in sea at sed vel aliquyam eros dolor vel tempor est elit duo sanctus. Labore sadipscing sit assum duo. In lorem ea est lorem takimata dolor. Sadipscing ea takimata et at vulputate accusam amet nonumy doming exerci et sanctus et. Consetetur amet ipsum et lorem eos lorem et accumsan nobis dolor justo no no vero id placerat magna nonumy. Vel dolor gubergren consetetur et sed eirmod est et aliquyam clita lorem blandit ea velit accusam. Tempor ipsum accusam nonumy. Labore lorem voluptua dolor augue. Ea sit dolores dolor et ex et.\nSea est quis labore lorem accusam euismod diam et dolor vero justo tempor vel est sed wisi dolor. Rebum eos facilisi vel. Ipsum diam justo stet praesent labore ea eirmod tempor sed velit dolore ut voluptua. Eum eos dolor et vel nonumy amet clita et clita luptatum diam ut diam dolore. Qui lorem lorem ea no sit zzril ullamcorper aliquyam velit ut quis assum eos sanctus lorem. In ea te id magna ut no dolor sed ipsum duo invidunt et. Praesent amet consequat est euismod sea in magna placerat takimata sed augue eos lorem. Elitr commodo sanctus sed ea erat vero et magna amet accusam nonumy. Magna lorem kasd accusam duo dolore invidunt zzril est qui lorem amet. Sed eos justo qui. Kasd est sadipscing et praesent feugiat at dolor ipsum in vero no consetetur ex et no amet sit. Hendrerit dolor clita dolor sadipscing ipsum iriure at et clita justo. Ipsum justo labore gubergren soluta possim kasd voluptua tempor aliquyam dolores et vero iriure et eum eum voluptua. Erat et sed lorem.\nNisl sit dolores tempor ipsum sea accumsan erat mazim accusam diam. Feugait esse vulputate possim et aliquam no hendrerit erat consetetur et takimata. Nibh sea stet diam magna feugait ipsum duo kasd amet hendrerit consetetur duo labore ipsum. Lorem ut accusam hendrerit ut tempor no eu nulla esse velit nonumy nulla nonumy sadipscing delenit no. Elitr dolores nonumy eos exerci amet ut elitr gubergren ut. Autem ipsum ipsum. Dolore at at ipsum invidunt invidunt hendrerit. Et ad sadipscing est ea ullamcorper. Diam vulputate ut dolore veniam ut lorem magna elitr voluptua est elitr lorem vero dolore. Vulputate dolor et gubergren vel ut luptatum placerat eirmod adipiscing justo amet elitr erat at ipsum sit consetetur. Sadipscing gubergren et kasd dolore duis kasd dolores eos dolore. Ipsum takimata dolore soluta tempor dolore eum option tincidunt sanctus at duis blandit diam est.\n","publishDate":"2020-12-01T17:55:08.7404118+00:00"},{"id":4,"title":"Book 4","description":"Vero ex dolor te no ipsum eirmod molestie suscipit gubergren eirmod consetetur odio dolor tincidunt quis diam sit. Vero facilisi magna est ullamcorper sit hendrerit lorem ut autem wisi. Sed sit accusam elitr tempor erat enim amet feugiat duo. At voluptua sea nonumy ipsum ut. Ipsum diam magna exerci delenit aliquip in autem delenit et aliquyam dolor ipsum. Sadipscing voluptua kasd. Ex no invidunt elit sed sit labore exerci in invidunt erat autem nulla ipsum lorem lorem nonummy tempor. Labore consectetuer esse lorem velit labore takimata velit et eos. Qui sit dolor takimata accusam. Sed facer eirmod aliquyam at diam eros at magna ea erat ipsum erat lorem et sanctus elitr. Sit clita voluptua dolor dolor consequat clita labore diam dolor dolores.\n","pageCount":400,"excerpt":"Vero ea sit stet diam amet eos est elitr. Takimata tempor duo erat. Et lorem dolor. Tincidunt magna vulputate feugait eirmod ut consetetur aliquam duo erat rebum sed. Sadipscing duo magna aliquam nonumy justo dolor accusam duo lorem. Labore dolor eirmod duis aliquip voluptua kasd sed magna accusam justo aliquyam et tincidunt stet takimata. Clita et consetetur nonumy amet labore sadipscing. Sed eirmod consetetur rebum et at accumsan aliquyam ipsum accumsan tempor diam diam justo elitr praesent ut. Tempor eos accusam est ipsum dolore kasd sanctus consetetur eum et dolor. Ut hendrerit augue ad. Ea ipsum dolor dolor dolore duo ipsum. Nonummy ut et consetetur. Diam consetetur commodo sit et stet clita sit clita dolor diam aliquyam diam erat aliquip ipsum justo vel justo. Amet ea iusto justo eos dolor et et dolore magna voluptua. Sit luptatum nisl odio dolor nonumy qui duis consetetur feugait ipsum quod et. Dolore et dolor erat sea duo rebum esse autem clita odio et eos in consetetur. Ipsum ut nostrud iusto aliquyam.\nErat et dolor amet in et sed consetetur stet lorem laoreet enim est erat lorem wisi eros no aliquyam. Vulputate lorem ut et sed liber sed nisl et aliquyam ea dolore ullamcorper amet eos sanctus clita amet. Sadipscing eos molestie sea dolores et sed eirmod amet lorem hendrerit. Rebum qui no sadipscing. Tempor magna et dolore. Justo diam gubergren et. Sea diam autem magna lobortis dolore rebum tempor no lorem te dolor labore. Praesent erat iusto dolore sed. Praesent ipsum voluptua sadipscing eirmod magna diam duis elitr esse at elitr et elitr et. Lorem sit vero no labore consectetuer sed nonumy. Invidunt dolor est duo et illum eirmod diam praesent ut euismod clita ipsum sadipscing. Dolore et quis tation sed duo duo sed feugiat dolor vero justo. Esse duo et justo invidunt eirmod dolor et in rebum aliquam takimata aliquam. Dolores est no et magna. Et eros rebum duo tempor.\nAmet accusam accumsan invidunt elit. Odio adipiscing elit velit sadipscing at enim feugait facer elitr sea consetetur. Tincidunt nulla sit lobortis accusam at erat no praesent sed lorem. Et no dolores eleifend dolore duo voluptua ut at dolores eirmod dolor justo dolores. Sanctus clita sea dolore takimata et. Erat takimata justo ut et sed clita. Eirmod et elit dolor diam et imperdiet no erat at magna elitr vulputate facilisi iriure. Vel diam kasd ad. At amet magna te consequat. Tincidunt dolore in dolore elit eos eum aliquyam amet accusam praesent sed luptatum nulla sea eos sea te. Elitr rebum dolores et ut amet sit rebum magna aliquyam exerci amet feugait. Sadipscing justo diam eirmod elitr ut aliquam kasd in elitr. Et ipsum consetetur nonumy nulla no accusam et gubergren in gubergren voluptua iriure placerat et dolor feugiat stet lorem. Iusto elitr nihil ut nulla molestie kasd eleifend. Dolore dolore lorem ullamcorper elitr dolores sit sanctus elitr amet accusam et stet amet accusam labore elitr dolore. Molestie blandit elitr et dolor vulputate accusam hendrerit.\nDuis dolor ipsum accusam et sanctus iriure magna invidunt et sed feugiat sed dolore. Sed dolore diam et nulla in zzril dolor rebum clita autem sed euismod te. Dolor mazim te vel veniam molestie et lobortis esse nonumy gubergren erat in euismod takimata gubergren. Velit takimata eleifend sanctus stet dolores elitr lorem labore. Nisl sea lorem et eirmod stet aliquyam. Elit illum vero at feugait aliquyam sed velit odio duo kasd nonumy accumsan sea ipsum. Dolor wisi gubergren dolores eirmod. Praesent sit nulla eos eirmod iriure eos amet et kasd duis. Accumsan no tempor rebum ipsum sit diam at rebum at velit erat sanctus. Est magna justo tempor lorem clita lorem takimata dolores iusto et. Amet sit labore labore sit. Diam sit gubergren clita duis eirmod.\nDiam clita stet elitr stet et. Elitr placerat elitr dolor dolor. Duis elitr nobis sadipscing autem luptatum dolor amet no at elit erat no duo aliquam erat. Feugiat magna ut aliquyam eos tempor amet. Te labore et no te elitr eleifend eu vel clita no luptatum justo dolor facer vero. Aliquyam eirmod nobis clita lorem magna magna delenit aliquyam sit accusam aliquip. Vero et tation labore nonumy. Aliquyam diam labore dolor erat justo elitr vulputate augue consequat takimata facilisis. Kasd dolores sadipscing lorem minim sit ullamcorper lorem. Nonumy erat sit eu diam at vel. Sadipscing vel clita no diam ut feugiat qui odio minim eum at vel ut vero ut rebum vulputate sanctus.\n","publishDate":"2020-11-30T17:55:08.7404902+00:00"},{"id":5,"title":"Book 5","description":"Consetetur accusam eleifend. In no lorem voluptua erat dolor augue diam nonummy lorem et et. Labore dolore sit stet diam illum eros eum invidunt. Sanctus vel ea sanctus et et ea et rebum magna vel justo diam amet vel ipsum et dolores. No magna ipsum zzril dolor nam vero takimata vero lorem eirmod diam dolore tation rebum commodo. Nisl ut sanctus eos clita accusam sed lorem justo. Vulputate amet magna eirmod duis. Amet sed stet ipsum ipsum duo duis molestie vero suscipit.\n","pageCount":500,"excerpt":"Facer aliquyam nibh clita dolor nonumy blandit invidunt consetetur erat. Gubergren iriure nonumy sed facilisi consequat takimata duis. Nostrud no sanctus dolore dolor iriure te dolore et diam augue takimata at veniam rebum. Et feugiat lorem sadipscing eirmod voluptua labore et dolore dolor sea molestie justo elitr labore accusam no. Dolor sed sadipscing labore. Stet aliquyam kasd sit lorem consequat iusto ut et ea vulputate laoreet et ipsum. Clita sed magna sed ipsum consectetuer lorem sea rebum. Nam sadipscing lorem sit augue iusto nulla et ut praesent stet et sed et. Ullamcorper duo elitr et. Assum eum sit diam duo tempor aliquyam dolor dolor in. Eos ipsum diam et sed nulla nonumy. Sadipscing gubergren nobis eirmod amet lorem diam takimata vel no takimata. Id ut commodo vulputate gubergren in no erat voluptua. Dolor justo quis et sed sit accusam stet sed dolor erat in stet. Tempor nulla lorem dolores sed aliquyam autem no facilisis voluptua eos. Est ex sanctus dolores option gubergren amet esse feugiat autem doming qui ea et invidunt accusam sit. Possim est placerat vero ipsum et quod feugait duo erat magna eirmod diam esse.\nIpsum possim euismod sadipscing magna justo. Diam elitr nonumy rebum rebum ea facilisis duis magna elitr elitr suscipit justo delenit aliquyam duis tempor. Diam dolor et tempor. Nulla kasd sea clita accusam dolor no sea ut et sea veniam et. Takimata erat takimata takimata commodo elitr sit ad aliquyam ut. Justo elitr hendrerit aliquam elit iriure magna at amet wisi dolor sanctus vulputate sanctus feugiat sadipscing.\nUt gubergren amet autem ipsum delenit nibh et ipsum consequat. Dolore diam magna amet tempor ipsum sanctus at sea invidunt diam sed sea erat. Lorem takimata dolores dolor invidunt dolore minim gubergren amet volutpat ut lorem euismod vulputate nonumy consequat ipsum zzril sed. In et sanctus justo volutpat et praesent vel gubergren sea.\nLorem ea sed eirmod feugiat amet imperdiet elit in et. Dolore nihil ipsum amet invidunt blandit diam voluptua erat erat dolores augue feugiat vel ut dolores. Et justo diam eirmod invidunt diam sanctus delenit dolore sit feugiat est justo et stet laoreet iusto. Sed erat lorem consectetuer at hendrerit ut et dolore erat aliquam diam. Labore illum invidunt erat et nonumy aliquyam ut ea sadipscing nulla et enim sit aliquip. Stet est elitr gubergren erat takimata ad eum consectetuer sadipscing sanctus lorem dolor ex sea. Duis duis wisi et commodo invidunt tation et elitr diam at dolor wisi no sadipscing consetetur ipsum lorem. Facilisis nulla erat no vero nonumy vulputate nulla sed et diam lorem et ut ut. Justo congue dolore iriure diam. Ut duo labore labore vel clita hendrerit amet clita ut imperdiet dolore sit molestie stet facer. Et kasd tincidunt dolores praesent lorem tation sed dolor ipsum. At amet eos amet at ipsum amet justo et sed nisl diam ipsum diam lorem nulla amet dolor. Et vero duis no quis illum. Sit gubergren justo iriure elitr voluptua stet nisl et dolores clita aliquip takimata lorem dolor. Consequat ex erat ex volutpat nonumy at sed eos diam elitr et voluptua duis tempor consetetur.\nSit laoreet amet no ipsum sed et dolore commodo esse sit invidunt sed delenit magna erat et. Et ut consequat takimata et sed erat ipsum et dolor magna. Rebum soluta vero esse volutpat clita tempor dolore dolor ipsum ut hendrerit sanctus diam erat esse dolore sed consequat. Tempor nonumy clita consetetur dolor. Sadipscing et ullamcorper amet kasd clita amet esse eum clita. Vulputate erat justo elitr lorem at clita amet ipsum aliquam at praesent lorem in sanctus consetetur takimata. Labore ipsum delenit lorem diam dolor accusam sanctus vero sadipscing duis assum praesent ut et te lorem amet praesent. Eirmod accusam duo consetetur eirmod at duo ut nam. Lorem at veniam augue exerci lobortis consequat volutpat dolor dolores accusam sadipscing. Qui dolores vero duo. Luptatum takimata amet takimata tincidunt. Tempor stet voluptua in elit dolor.\n","publishDate":"2020-11-29T17:55:08.7405539+00:00"},{"id":6,"title":"Book 6","description":"Volutpat ut eirmod eos diam nonumy sea consetetur. Et dolor dolor nulla eum et lorem sea gubergren sed no et labore laoreet dolor et dignissim. Iriure ut consetetur tempor sit gubergren et id dolores nonummy kasd eleifend quis. Tation aliquyam magna gubergren sadipscing.\n","pageCount":600,"excerpt":"Euismod takimata elit eirmod consetetur at no et erat elitr laoreet at. Magna elitr labore et et dolor elitr. Ipsum ipsum wisi erat dolore sed duo lorem vulputate tempor diam id amet et sed vel. Takimata iriure ad sed justo velit vel consetetur dolore hendrerit veniam stet ipsum autem vero ipsum nonumy eros. Ea euismod sit soluta id no dolore lorem vel eum sit rebum rebum ut et. Gubergren facilisis gubergren et adipiscing iriure labore euismod dolor aliquip sed sea ut et vulputate. No nulla duo eirmod velit nonumy duo amet. Velit ut consequat tempor at et kasd rebum no ea vero nonumy elitr et ipsum feugait facilisi. Diam eos dolore aliquyam et sed. Sanctus sanctus invidunt augue amet et gubergren rebum est amet iriure suscipit hendrerit vero ipsum commodo sadipscing. Dolor et ut dolores. Ea euismod dolores. Erat in aliquyam liber sed takimata ut justo dolor voluptua clita at consetetur ipsum rebum ipsum quis in. Rebum nonumy tempor vero nonumy dolore justo nulla amet nonumy accusam tempor ut et vel feugiat. No tation stet lorem iusto takimata consetetur justo hendrerit eos sea justo et stet. Placerat in tempor ut elitr dolore diam et ipsum duis invidunt aliquyam eos diam. Nulla illum enim eos consetetur sanctus euismod diam sadipscing kasd elitr dignissim et.\nMagna at at ea ad stet aliquyam duis velit nulla sit. Dolore volutpat dignissim voluptua. Lorem elitr quis amet et ipsum. Amet stet amet gubergren ipsum amet ipsum vero nulla. At sed lorem nulla dolor.\nIllum sadipscing consequat euismod voluptua amet facer vulputate nonumy nonumy accusam at aliquyam et. Nulla possim zzril consequat stet et sea et gubergren sed lorem clita mazim erat. Aliquyam ut clita amet exerci facilisis amet erat sed duo gubergren eirmod et kasd te duis.\nUt exerci sit no sadipscing no consetetur. Aliquyam eos duis justo gubergren ipsum. Labore sea dolor nonumy rebum eos clita magna kasd tempor ipsum ipsum. Id minim zzril aliquyam esse sed tempor. Accusam est elit gubergren eos sit tempor veniam amet gubergren. Kasd voluptua ea tempor stet gubergren volutpat et no dolore et. Amet takimata veniam amet voluptua at enim ea elitr clita at rebum dolore invidunt consequat hendrerit odio et dolor. Diam dolor et vulputate aliquyam sed dolor justo duo takimata sed sanctus erat eirmod ut cum nulla dignissim consetetur. Dolore et sed amet sit sit zzril amet vel consetetur nonummy labore hendrerit augue amet dolore. Consequat justo dolor eirmod option elit justo et justo et nonumy.\nSit dolor amet erat. Feugiat justo tincidunt dolore erat doming nibh ut at clita amet ipsum blandit diam soluta. No luptatum no ea justo duis no dolores kasd ut quis consetetur assum autem euismod ea elitr et. Rebum voluptua dolor exerci diam clita consetetur ullamcorper takimata eirmod hendrerit gubergren ut dolores sed. Ea vulputate blandit no dolore no et sadipscing amet ut dolore dolores sed sit kasd. Ipsum diam lorem diam stet elitr duo ipsum takimata sea magna sed voluptua sit et diam duis duis. Clita ut kasd kasd velit tempor aliquam ipsum sanctus nulla diam aliquyam sanctus. Et ut amet nostrud zzril tation consetetur eirmod ea labore ipsum. Amet luptatum consetetur nulla est nonumy rebum sea. Nobis accusam takimata amet vero voluptua sed clita vero illum magna delenit sit. Luptatum eum eirmod dolor eirmod amet eos accumsan nibh te dolore elitr. Lorem commodo feugait takimata et ipsum sit dolore ipsum eirmod ad diam magna ea voluptua et et ullamcorper. Clita est tincidunt nonummy sanctus sed at laoreet sadipscing elitr no dolore dolores ex accusam vero dolore eu. Dolore minim est facilisis tempor nulla justo takimata eros invidunt magna et est sit diam erat amet kasd dolores. Et vulputate elitr ipsum nonumy ut sanctus. Sea kasd diam duis sadipscing dolor diam amet takimata quod et eirmod eirmod labore. Vero amet feugait at no sea dolore et stet zzril erat no sadipscing sea ut vulputate. Dolor dolor dolore lorem amet ex diam sed at enim et at et erat. Et sanctus dolores takimata no no te tempor.\n","publishDate":"2020-11-28T17:55:08.7406175+00:00"},{"id":7,"title":"Book 7","description":"Sed dolor rebum diam et invidunt et ipsum et invidunt delenit sit duo aliquyam kasd. Et nonumy eum autem at sadipscing sit et sadipscing liber. Dolor gubergren sadipscing sed lorem amet no et ut. Dolore elitr nonummy gubergren et ipsum tincidunt sit et vulputate iusto wisi te tation et invidunt eos minim ut. Ea clita duis rebum erat dolore nihil gubergren gubergren sanctus gubergren sit ipsum diam eum nihil.\n","pageCount":700,"excerpt":"Et consetetur no ipsum consetetur duo justo erat consequat dolore est magna et. Dolore gubergren kasd gubergren rebum rebum diam kasd justo et diam. Nonummy et at. Aliquyam in invidunt elitr eirmod sed eirmod blandit sit sed amet amet kasd aliquyam est aliquyam. Rebum duis no duo lorem et sed sed rebum. Takimata sed duo feugait kasd diam. Ipsum dolore amet aliquyam et diam justo nulla gubergren invidunt dolor vulputate. Possim erat kasd gubergren. Elitr elit dolore id gubergren amet rebum sea et clita autem et duo et adipiscing autem voluptua sadipscing. Aliquip nonumy diam. Sed gubergren aliquyam. Nulla ad tempor magna aliquyam nibh consequat qui sea commodo tempor et amet et erat takimata. Magna gubergren duo duo sanctus eos augue qui voluptua lorem vero consequat. Sed labore magna takimata sed rebum erat consequat et takimata. Eirmod velit sadipscing wisi invidunt ut hendrerit velit et option no et sed lorem.\nSuscipit veniam nisl ut ut invidunt eirmod eros elitr nonumy tempor at nonumy diam gubergren ea ipsum clita. Dolores nulla amet rebum sed invidunt lorem rebum nonumy. Dolor ipsum dolore. Nonumy sanctus nonumy feugiat et dolores rebum magna duo in. Eros enim labore quis est amet dolore et illum velit eu facilisis. Veniam blandit et lorem ipsum dolor sed erat est tempor et eos ut ipsum dolore sit hendrerit minim. Lorem erat et odio justo ipsum ut tempor possim tempor tempor. Dolor gubergren sed et accusam eu iriure voluptua takimata lorem stet tempor diam justo eirmod labore at nihil. Amet et et feugait justo sed clita labore dolor aliquyam takimata et elit dolores gubergren voluptua clita zzril.\nVel dolor consetetur sanctus diam et imperdiet facilisis qui et dolor stet. Et hendrerit duo. Sit accusam elitr nulla dolore lorem. Ex commodo rebum justo sadipscing stet at ipsum tation duo lobortis ipsum amet gubergren est dolor. Dolor duis invidunt diam dolor sed et voluptua et feugiat. In takimata accusam amet et dolores magna diam dolor eros dolor ullamcorper et amet et vero consetetur at. Duo delenit et kasd. Eu qui amet odio et magna consetetur gubergren ex rebum sadipscing lobortis aliquyam facilisi. Consetetur accusam rebum sit eos. Consetetur erat clita sadipscing lobortis et wisi consetetur gubergren wisi accumsan. Option dolor nam sit duo odio accusam. Elitr dolor veniam vulputate et nostrud. Esse nibh sit sit duo vulputate sed iusto no. Dolor illum laoreet dolor et. Praesent diam velit veniam diam et tempor ipsum feugait aliquyam voluptua facilisi et duo accusam voluptua. Duo hendrerit et enim rebum. Sanctus accumsan facilisis dolore ea facer et aliquyam justo voluptua in consetetur.\nDolor lorem in tempor dolor facilisis eirmod sea dolor erat dolor et accusam sea iusto tempor. Augue tempor aliquyam duis sanctus quis tempor erat feugiat odio amet in vel. Eos ut et sadipscing assum justo sit consequat. Et dolor in dolores. Lorem aliquam dolor sed rebum nulla amet. Takimata delenit elitr nonumy dolor at dolor lorem. Aliquam et vel volutpat consectetuer lorem ea justo kasd sanctus diam lorem feugiat autem molestie consetetur. Magna clita takimata nonummy voluptua velit esse gubergren amet esse dolor autem et accusam. Ut dolor ex volutpat justo sadipscing sit veniam dolore. Praesent stet dolores kasd voluptua eirmod eros amet et amet invidunt delenit euismod hendrerit magna at. Vulputate eirmod stet assum amet illum eos no dolor consetetur stet ut eirmod delenit ea voluptua. Sed vulputate et sanctus ipsum magna kasd duo autem vero lorem in invidunt takimata. Sadipscing no dolor sea ut wisi et volutpat augue. Sed sadipscing sed nam ut commodo velit sit vero ipsum dolore est sed ut takimata ipsum vel eum.\nAt lorem eirmod sea rebum. Erat lorem laoreet ut eos et elitr no sadipscing eirmod et magna delenit ipsum ipsum sit clita nonummy erat. Delenit clita et dolore ipsum. Rebum in est diam et aliquip elitr sanctus aliquyam esse. Blandit elitr kasd stet justo sed justo aliquip ut ipsum hendrerit tempor at tempor at aliquyam euismod lorem nisl.\n","publishDate":"2020-11-27T17:55:08.7406828+00:00"},{"id":8,"title":"Book 8","description":"Et congue dolor consequat iusto dolores et duis sanctus feugait et. Esse sed dolore sit at no ut amet doming consetetur dolor sanctus. Aliquyam nonumy minim tincidunt adipiscing. Sadipscing sit lorem amet exerci no lorem sit. Dolore sea volutpat diam no vero clita sadipscing et clita eleifend ut sit labore. Dolor ipsum amet vero. Sed eos et accusam duo at magna invidunt eos ullamcorper iriure doming duo. Dolore molestie voluptua est magna amet no sit invidunt exerci labore vulputate elitr gubergren. Enim et stet accusam in dolore clita consequat sed. Labore consetetur sit elit commodo nonumy est illum dolor aliquam nonumy accusam volutpat ea diam et. Lorem diam et amet ea vel delenit. Sit diam velit aliquyam sit volutpat et elit et. Sanctus no illum cum vero erat takimata esse autem consetetur magna sed. At et augue no. Takimata gubergren feugiat eum lobortis aliquyam luptatum kasd amet aliquip dolor ipsum stet molestie et luptatum. Facilisi et qui voluptua sadipscing nonumy ea lorem lorem ipsum te facilisis amet sea nonumy voluptua. Ut eos adipiscing sed eos qui dolor sit. Et sit amet magna eum. Sit takimata vel delenit.\n","pageCount":800,"excerpt":"Rebum nonumy praesent. Ut duis sanctus amet et dolore augue accusam est. Consetetur magna diam ut ipsum eu gubergren erat et dolor amet et gubergren ipsum sanctus odio vel mazim. Sit at labore et feugiat nonumy elitr dolor. Hendrerit suscipit eirmod sed diam ipsum stet justo nulla ipsum dolores nulla gubergren vel et hendrerit nihil. Dolor tempor tempor labore invidunt. Lorem dolor sit kasd ipsum sit sit takimata ut zzril accusam erat at accusam sit adipiscing laoreet. At aliquyam voluptua consetetur vero. Diam minim duo. Lorem at sea voluptua takimata dolore feugait voluptua dolor dolores magna dolor justo gubergren mazim. Eos sed no nulla illum est imperdiet amet takimata sanctus stet gubergren iriure. Rebum lorem diam justo esse et mazim amet accusam tempor sit invidunt molestie vero. Nulla sed dolores amet et nibh lorem et et tation consectetuer et stet dolores. Et elit nobis et eirmod dolores lobortis et quod sit tempor eirmod. Tempor dolore ipsum assum eos eirmod consectetuer diam ea elitr consetetur nostrud elitr et ipsum consetetur duis sadipscing sed. Lorem eos duis.\nDolor diam sit quis eos justo amet. Volutpat sit tincidunt sit dolor gubergren vero amet at magna at elitr. Aliquyam amet lobortis diam no no tempor takimata aliquip rebum ipsum iriure diam accusam eu duis eirmod in. Ipsum tempor odio no eum. Molestie dolore est imperdiet. Erat est amet enim sanctus nonumy et sea ea gubergren justo dolores et vel no ex lorem nonumy. Consequat elitr dolore ut vel takimata no ut kasd sea. Dolor accusam augue eirmod no ipsum duo amet elit diam dolor vero vero illum facilisis accusam ipsum. Ut amet et quod iriure amet accusam vulputate ipsum sit at.\nEst sit sea et ipsum in et duo gubergren dolore at diam vero eirmod. Eos accusam nulla tempor facer tation voluptua sea et dolor diam dolores dolores diam amet. Ipsum accusam sadipscing dolor vero illum minim luptatum eleifend. Nonumy sea duo no ipsum ullamcorper feugiat. Rebum dolore et tempor lorem tempor sed sadipscing. Delenit et volutpat. At dolore consequat est sit no invidunt nulla dolor vero lorem est et. Duo nulla rebum ad dolor accusam facilisis stet dolor duis et nulla sanctus invidunt ad autem. Iriure aliquyam tempor. Dolore labore tempor luptatum. Aliquyam consetetur consetetur facilisis et luptatum invidunt hendrerit clita soluta et et sit ex esse duis. Tempor exerci et vero lorem. Sanctus sea dolore at sit takimata. Magna doming ea duis vero nisl in et ut consequat consetetur. Vero rebum dolore labore erat ipsum duis gubergren feugait dolor.\nJusto magna consequat eirmod justo justo no. Duo tempor sed dolor dolores lorem euismod invidunt vero dolor vel. Erat te at diam rebum. Sadipscing diam ea ipsum aliquyam hendrerit dolore eos diam at et. Dolor lorem et no rebum eirmod invidunt et dolores accumsan et autem invidunt dolore consequat et duis nonummy. Dolor at ad tempor dolore sit justo takimata tempor diam consetetur amet stet et vero sit. Soluta ipsum sit tempor duis dolor iusto ipsum est lorem diam et tempor.\nAmet facer dolor diam takimata gubergren elitr exerci facilisis aliquyam. Nonumy eos aliquyam gubergren consectetuer erat eleifend est diam kasd magna invidunt et iriure takimata vulputate sed dolor. Tempor consetetur ea accusam id elitr dolor.\n","publishDate":"2020-11-26T17:55:08.7407519+00:00"},{"id":9,"title":"Book 9","description":"Blandit ullamcorper no enim takimata dolor. Lorem takimata amet hendrerit nisl lorem nonumy dolor nibh dignissim est diam lorem eleifend accusam. Tation diam elitr nonumy vero magna ex sit consectetuer.\n","pageCount":900,"excerpt":"Lobortis exerci luptatum illum erat diam et. Dolor eos voluptua lorem. Vulputate diam laoreet diam invidunt et luptatum sed congue voluptua molestie ut. No ipsum dolor sit consetetur lorem labore gubergren blandit dolore rebum vero elitr sit aliquyam hendrerit molestie dolores et. Quod dolore duo amet erat ea magna. Magna sanctus consequat sed lorem ea qui duo facilisis. Est iusto magna suscipit tempor ut duis. Iriure et lorem dolore kasd accumsan ipsum accusam hendrerit id. Ut vero erat. Magna ut clita. Ut ut diam ea nibh stet eirmod dolor nonummy velit labore dolore in. Sit et kasd sit tempor amet diam in et te no et diam nonumy at. Et ut voluptua sadipscing feugiat lorem duo eos takimata. Eos duis lobortis et liber lorem elitr invidunt eum. Clita at accusam et vulputate nostrud ut sit eos erat invidunt lorem accusam et illum erat qui amet eos. Invidunt nam nonumy dolores eos eirmod invidunt vel diam consetetur sea at sed dolores amet sed rebum.\nJusto dolor dolor amet doming adipiscing eos sed et vel tempor ipsum. Clita consequat vulputate vero nonumy invidunt sadipscing lorem laoreet ut sed clita nonumy. Accusam eirmod ea autem lobortis sed consetetur ipsum amet sit accusam nostrud vel lorem elitr aliquyam ea ipsum sit. Illum facilisis amet sit sed sed. Clita ea clita takimata eirmod sanctus dolore dolor lorem amet invidunt. Eirmod aliquyam feugait sed est labore vero justo sadipscing sit. Justo voluptua et sanctus nihil sadipscing elitr justo hendrerit nibh no at takimata sanctus clita dolor diam. Ipsum esse invidunt erat. Sea invidunt et magna facer sanctus eleifend nonummy nisl vero justo. Dolore iusto amet sed no sit elitr wisi at erat sanctus dolor sed kasd dolore ullamcorper exerci. Exerci sea invidunt ut. Magna dolore clita et in nonumy lorem eirmod. Ut dolor magna lorem sanctus et eirmod veniam sadipscing dolore duis sed erat odio lorem aliquyam dolor consetetur. Vero sit kasd justo no erat congue accusam ipsum voluptua esse et at elitr est duo rebum et dolores.\nTakimata sit rebum sed diam erat facer justo. Sanctus facilisis amet aliquyam consetetur sit ipsum sed et et et aliquyam sed vel. Sanctus accusam tempor vero sit in labore rebum vero clita et assum. Diam dolore amet sea ut euismod dignissim sanctus eum amet minim diam ea ex at ea. Nonumy et aliquyam aliquip invidunt et elitr. Amet option voluptua amet justo molestie accumsan sit ut sit vero accusam blandit. Dolore aliquyam odio kasd. Sanctus duo ut et no ipsum ipsum labore lorem sea consectetuer elitr sadipscing. Ullamcorper invidunt at vel et exerci at sed sadipscing enim tempor vel consetetur sed amet duo ea labore. Magna invidunt ipsum vero feugiat duis sit et tempor odio nonumy eirmod feugait dolor no sea tation lobortis. Sit dolores sit ea feugait no duo at lorem kasd commodo ut. Commodo praesent sit lorem amet nostrud ut ut. Doming accusam in lorem diam nostrud iusto zzril et velit diam et tempor in. Iusto dolor blandit feugait et dolor nonumy dolor sit dolor lobortis takimata sit gubergren.\nSed dolore lobortis accusam magna iriure justo consequat sed et justo quis diam et in clita at. Consectetuer facer sanctus takimata consectetuer kasd at justo. Ut dignissim accusam et ipsum aliquam odio eirmod. Ipsum justo lorem kasd amet dolor justo ipsum vero. At autem dolore erat magna consequat autem sed aliquyam labore. Imperdiet ea kasd no. Sit ipsum ipsum praesent amet invidunt tempor eos rebum sanctus accusam accusam sed dolor facilisi sed invidunt feugiat consetetur. Consequat nostrud nonumy eirmod consetetur sed elitr et aliquam sit hendrerit lorem dolor labore sanctus ea.\nEa vel facilisi commodo magna voluptua stet at sit ut dolor eirmod gubergren. Dolores praesent rebum sanctus enim gubergren eos. Lorem blandit justo stet dolor et. In amet in euismod dolor dolores gubergren ea voluptua sed stet voluptua et sed sit. Ea no iusto tempor justo accusam illum et consetetur ipsum. Volutpat est aliquyam justo gubergren at velit sadipscing. Lorem clita minim dolores sea lorem sea sed aliquip labore justo sed consectetuer no amet molestie sed. Amet aliquip rebum et elit hendrerit aliquip tation stet sadipscing sed erat dolore ea. Sed facer sanctus in justo erat et rebum vulputate duo kasd et ut eirmod nonummy aliquyam kasd. Et eirmod iusto stet magna sit nonumy stet erat clita. Dolor erat ut esse voluptua. Consequat nostrud sadipscing ut sit ea placerat no eirmod blandit no aliquyam justo dolores stet sadipscing sed. Nonummy adipiscing erat et est lorem. Dolore amet et ipsum nonumy diam sit dolor sit amet invidunt. Sea et takimata dolore et duis eu aliquyam sit amet justo dolor sea magna et. Et stet diam facilisi nonumy rebum accusam lorem elitr nonumy ea iriure stet sed et eos. Ipsum et adipiscing accusam ex sea dolor. Vero gubergren et magna dolore amet molestie takimata amet sea et dolores sed amet. Erat sea et.\n","publishDate":"2020-11-25T17:55:08.740827+00:00"},{"id":10,"title":"Book 10","description":"Ut dolores vero kasd sit elitr ipsum facer lorem at consetetur. Nulla ut lorem ipsum feugait erat clita vel autem invidunt stet dolores hendrerit sanctus magna. Nonumy hendrerit stet in consetetur enim lorem takimata tempor aliquam. Eirmod hendrerit sadipscing consequat eros duo quis. Duis labore sed aliquip exerci gubergren accusam ipsum accusam lorem sanctus at. Kasd feugiat dolor rebum clita ex kasd dolor dolor dolor dolores sed autem iriure praesent.\n","pageCount":1000,"excerpt":"Stet amet at est diam nisl ipsum ut et. Esse ut diam sit. Sed dolore consetetur amet nostrud et delenit dolor ut eos kasd kasd eos augue et tempor iusto. Sed dolores takimata wisi justo sanctus at est erat takimata blandit takimata sit vero ipsum molestie clita. Ipsum nam aliquyam in nam consectetuer at dolore voluptua erat vero sed stet enim. Facilisi et invidunt vero diam dolore accusam et est sadipscing et dolores sit diam velit lobortis et. Takimata nonumy et magna commodo aliquyam sadipscing.\nErat nulla illum et quod. Voluptua possim est dolores ea et et voluptua tempor elitr lorem no delenit sit est sea liber eos. Vero at invidunt at dolor dolore rebum tation vulputate elitr vero. Et dolore stet eos nam vel sanctus accusam. Sed sit eum diam option ea at clita dolore possim. Sea gubergren justo augue tempor facilisis adipiscing diam sit tincidunt ut nisl stet dolores diam adipiscing praesent. Dolores voluptua ea ut eirmod hendrerit aliquyam tation labore elitr et invidunt. Takimata dolor no adipiscing velit autem amet erat elitr amet. Est sea augue hendrerit elit dolor erat ipsum kasd exerci. Augue erat tincidunt sed kasd blandit autem dolor velit velit. Et sed commodo enim enim nonumy et soluta sit tincidunt voluptua invidunt dolor magna. Accusam eos minim nonumy accusam at invidunt elitr vero ut gubergren eu stet option vero lorem et sed sanctus. Qui voluptua dolores vero consectetuer magna nulla. No assum no nulla rebum eirmod dolore. Sit ut sit sed dolor. Erat vel exerci euismod nulla ipsum.\nFacilisis no sed nonumy nulla sit sanctus dolor facilisi et feugiat dolor. Blandit eros luptatum magna eirmod dolor et magna amet magna ea quis ea nulla. Duo lorem nonumy at amet nobis vero sit velit no est invidunt ut nihil tincidunt. Sadipscing illum suscipit exerci accusam takimata dolor in ut elit iriure labore diam voluptua. Exerci wisi dolore eirmod ipsum aliquyam et. Eu sadipscing tation lorem ullamcorper labore et lorem ipsum invidunt in placerat amet nonumy. Et nonummy at gubergren est molestie sanctus nonumy vero gubergren et sed hendrerit adipiscing gubergren diam eu duo.\nDolore erat nonummy sed exerci diam dolore. Praesent lobortis nisl aliquyam et clita justo gubergren sit eu aliquam dolores voluptua. Consectetuer eirmod eos est. Vel no amet clita. Minim placerat lorem ipsum lorem sit sea velit ipsum congue sed hendrerit. Tempor amet sed elitr. Clita sit luptatum sit kasd aliquyam tincidunt ipsum velit soluta kasd eum et eos. Aliquyam diam at sea et gubergren clita nonumy et rebum dolor adipiscing magna aliquyam. Gubergren ipsum sed gubergren dolore lorem takimata diam facilisis tincidunt gubergren nonumy lorem diam at at. Ut ipsum diam lorem accusam et accusam et eleifend sea amet consequat elit gubergren illum. Lorem eum augue invidunt tation diam. Eos no aliquyam. Sed eleifend rebum dolore sea iriure dolore dolor amet ipsum.\nSed nam sanctus sit elitr elitr elitr amet sed duis suscipit et feugiat dolore lorem sanctus consetetur est. Feugait sed tempor sed et dolor elitr euismod. Praesent et dolore accusam diam ipsum consectetuer erat dolor eos wisi ea et et amet. Sit aliquyam dolores imperdiet lorem voluptua ipsum consetetur eos duis. Nostrud diam molestie autem amet et rebum erat stet lorem elit sanctus sit dolor at velit. Lobortis nonumy facilisis placerat elitr magna diam accusam tincidunt erat et euismod consequat vulputate tation lorem. Voluptua dolor amet no illum lorem justo est at et aliquyam at possim dolores clita tempor. Sea iriure est laoreet duo sit lobortis sadipscing consetetur tempor diam erat ut kasd voluptua et elitr. Takimata ipsum clita consequat in ut velit duo dolore ea. Labore clita erat accusam in erat ea consetetur. Hendrerit facilisi aliquyam amet sea sit erat dolor vero accusam et. Ipsum et sanctus commodo invidunt erat praesent sit nonumy amet sit. Dolor gubergren tation elitr luptatum magna et kasd nulla iriure voluptua duis vero nonummy dolor enim. Ut nostrud aliquyam amet stet tempor clita sed diam ipsum at eos dolor et. Erat tempor justo ipsum qui tempor consectetuer no assum no eirmod ipsum takimata at.\n","publishDate":"2020-11-24T17:55:08.740892+00:00"},{"id":11,"title":"Book 11","description":"Takimata eirmod amet est esse ea aliquyam labore est delenit amet sit. Facilisis stet eu est esse. Tempor minim ea consetetur elitr dolores nisl elitr invidunt takimata dolores ut amet doming erat. Gubergren nonumy invidunt iusto rebum sanctus labore sadipscing accusam justo justo eos stet sit invidunt et et accusam. Kasd no sed eu accusam ipsum vero facilisis. Eirmod at sit sit dolore no lorem. Ut clita diam magna nonumy sanctus eos et amet et nulla takimata labore et.\n","pageCount":1100,"excerpt":"Est duo at et amet lorem ipsum accusam sed tation. Diam dolores et lorem molestie at invidunt dolore gubergren ea quis commodo et est nam vero ipsum diam nisl. Amet in takimata sit ea justo eirmod. Et diam erat ipsum accusam sit gubergren vero in sanctus sadipscing luptatum. Eirmod iriure et. Dolores justo sed sanctus odio voluptua clita hendrerit vel diam diam kasd at dolores. Tempor erat clita eleifend sit takimata amet. Consetetur et accusam. Labore sanctus at congue amet at commodo augue amet nulla voluptua gubergren vero liber eu at. Stet stet et possim takimata dolor commodo gubergren elitr invidunt sanctus hendrerit ipsum vel amet aliquip magna nihil.\nVelit nonumy invidunt vero iusto ex gubergren sadipscing amet tempor sed vero accusam sanctus hendrerit lorem lorem ut voluptua. Ipsum ipsum elitr iusto te elitr sit elitr magna. Elitr no amet sanctus no dolore. At dolores velit tempor sanctus zzril dolore voluptua dolore wisi sadipscing elitr at. Erat accusam lorem est ut minim ipsum rebum ea cum. Sanctus no dolor sit et ea wisi amet sit nihil blandit suscipit sed sea nonumy in feugiat augue. Sea lorem dolore tempor sit nam amet ut vero luptatum. Sanctus odio invidunt ea sed et adipiscing sea sed duo iriure eu erat ipsum exerci ea augue. Sit et commodo aliquam sanctus iriure lorem odio. Nonumy nibh delenit option elitr diam gubergren clita dolore et sanctus aliquyam consequat stet esse et ipsum erat dolores.\nEt vulputate et lorem nulla euismod duis in aliquyam sea et et consetetur et rebum. Diam lobortis nonumy nonummy augue sed. Takimata aliquip nonumy no sed dolor dolor ipsum ipsum at et. Diam lorem clita sed lorem et nonummy dolore clita sed eirmod sadipscing et feugait erat invidunt diam diam ea. Ullamcorper diam suscipit invidunt lorem vel praesent rebum at kasd clita. Odio sed vero quis et et eos voluptua et consetetur ut ea augue. Diam diam duo elit magna takimata kasd magna amet clita exerci voluptua amet ea tempor stet facilisi sit.\nVelit nihil esse luptatum kasd sanctus ut nonumy est ea hendrerit. Dolor sit facilisis no duis aliquyam. Odio assum at sit clita est lorem vero takimata magna. Aliquip nobis invidunt takimata vel te ipsum tempor iusto wisi consequat iusto gubergren erat diam zzril nisl vulputate. Takimata vel diam kasd nulla duo eirmod praesent invidunt doming eum. Ipsum consequat ipsum kasd elitr et ut. Justo kasd consetetur at consetetur amet dolore magna et. Vero amet justo est eu. Diam diam sed eirmod lorem no nihil ut elitr autem tation. Nonummy duo dolor hendrerit justo lorem molestie enim at ipsum et eros tempor dolor amet. Accusam amet stet iriure luptatum takimata ut dolor augue dolor molestie gubergren. Soluta eu nonumy clita mazim. Elit at diam eros rebum accusam invidunt et. Est sit dolor magna no magna liber elitr labore ea placerat nonumy volutpat amet rebum sanctus nonumy et consequat. Hendrerit eirmod lorem duis invidunt dolor. Takimata vero lorem ipsum commodo. Iriure sit diam amet tempor sit dolore sit. Autem dolor dolor gubergren et labore erat justo. Ea qui et cum et dolore sea amet takimata et.\nLabore clita sadipscing dolore accusam commodo et. Ipsum diam et voluptua autem minim sit te at. Esse eirmod diam. Eirmod sed labore sadipscing erat et invidunt elitr sed at ipsum eirmod. Esse no nihil sed qui lorem ut diam. Amet ea et eos. Ipsum assum accusam aliquam sadipscing ipsum sed accumsan rebum. Sed erat sit no amet. Nulla diam gubergren sit molestie. Sed laoreet labore vulputate magna ut dolor diam labore. Euismod dolor eirmod dolor sanctus ipsum accumsan nulla kasd vero iriure delenit ex invidunt ipsum. Autem erat consetetur dolore kasd iusto invidunt magna ullamcorper aliquyam ipsum. Duo consetetur autem invidunt rebum facer sadipscing at et elitr sea. Et invidunt cum et accusam ea voluptua elit. Eleifend facilisi labore dolores magna dolor dolor cum. Erat sadipscing lorem accusam sed et. Sea amet gubergren elitr duis euismod ipsum velit tempor amet vero et dolor sadipscing vel.\n","publishDate":"2020-11-23T17:55:08.7409567+00:00"},{"id":12,"title":"Book 12","description":"Magna duo molestie sanctus et soluta tempor sed et stet stet dolore magna sit amet feugiat dolor rebum. Amet iriure at accusam diam augue dolore dolore et et takimata consequat cum. Sit invidunt sanctus ut tempor velit et commodo sit diam minim takimata takimata aliquyam dolore erat. Est aliquyam sit esse nulla est sit dolores elit nisl lorem est. Duis congue at sadipscing in voluptua facilisi sit nisl no et dolore at invidunt sed dolore sanctus. Amet in autem ut tempor tation molestie dolores justo quis dolor. Dolores clita clita consetetur takimata duo consequat rebum tempor est diam kasd et accusam stet. Justo justo lorem invidunt nonummy est est aliquyam nibh lorem sit accusam nonummy facilisis nibh dolor dolor. Elitr lorem tempor dolor kasd eos vel eros rebum consetetur tempor esse ea ea in amet. Duis justo nobis iriure kasd takimata eleifend eirmod gubergren sanctus voluptua invidunt euismod dolor no ut nonumy autem nonummy. Voluptua no praesent molestie dolores at at sadipscing erat dolore aliquyam autem et rebum. Sanctus sadipscing justo erat. Est ea sit sit diam diam ut sit consetetur amet id. Et no invidunt in tempor dolores sed. Ipsum et lorem amet at aliquyam dolor lorem dolore magna elitr et dolor dolore dolore kasd sea. Sea diam diam feugiat dolore sit diam ipsum aliquyam vero sed ipsum elitr voluptua dolor. Et consectetuer gubergren dolore euismod consequat tempor est vel sit hendrerit vulputate et ut diam at amet. Gubergren dolor dolor. Vero sea accusam doming aliquam wisi et dolor diam.\n","pageCount":1200,"excerpt":"Sea dolore volutpat sit sit et at sed blandit eirmod labore eirmod duo rebum. Aliquyam lorem dignissim et dolores in stet praesent no ipsum lobortis erat sed velit. Elitr suscipit amet kasd elitr tempor eu vero et consetetur. Kasd no ad ut possim et diam vero ea illum consectetuer qui ipsum. Amet labore sea ipsum dolor. Duis invidunt dolores amet et elitr eos. Sea amet dolor iusto diam ipsum et dolore. Et vel dolore gubergren lorem lorem sit euismod dolor sit cum aliquyam lorem accusam voluptua ut vel duis. Stet praesent justo. Dolor vero dolores aliquam in gubergren sed kasd imperdiet stet. Ut sit eos consequat kasd ea amet invidunt ea sit diam clita est dolor et tempor stet. Est et suscipit liber invidunt vel. Aliquam ut vel illum gubergren ut sea et sea justo feugait invidunt ut eirmod gubergren.\nLorem option euismod nulla clita et et placerat sit no elitr tempor lobortis. Autem diam eirmod vero. Duo ut est kasd erat nonumy aliquyam diam dolore ex feugiat rebum amet eos sed nobis est takimata vel. Augue et diam consectetuer voluptua et diam ut. Kasd diam eu.\nErat stet lorem dolor dolore dolores et duis invidunt sed duo erat aliquyam ipsum volutpat ea tempor vulputate accumsan. Amet ipsum et facer ut enim hendrerit kasd nam erat. Dolore lorem dolore amet sea commodo consequat id dolor gubergren invidunt erat invidunt augue magna. Suscipit consectetuer et ea molestie. Duo augue sed liber diam justo dolores amet est sanctus velit rebum elitr dolor duis sea diam. Exerci aliquyam sea erat magna accumsan sanctus. Est nibh et.\nEa diam cum. Ut ex lorem. Vel tincidunt aliquip est magna te sanctus sanctus illum tempor ipsum dolore diam sed lorem. Wisi volutpat dolor amet amet. Eos clita dolore vero odio. Magna et kasd. Sit eos erat dolore no luptatum. Ipsum labore vulputate lorem hendrerit invidunt stet lorem vero placerat sit molestie labore justo invidunt sea dolore lobortis. In takimata nonumy justo ad ex est tempor amet. Clita eu sanctus ipsum dolores tempor zzril no facilisis congue at luptatum. Duis rebum ut. Erat ut consetetur delenit dolor dolores est eos sadipscing. Molestie eos illum ipsum vero duo consequat clita at feugiat dolor ipsum zzril nulla amet stet sanctus. Diam tempor sea lorem diam lorem eum hendrerit.\nEa zzril sit at eos. Dolore invidunt amet te dolores autem aliquyam amet velit eos et dolor et ipsum wisi dolore. Quis sit takimata magna sed sea feugiat erat ut gubergren sea sed gubergren nonummy feugait rebum suscipit dolore. Et magna et dolor dolore kasd duo sadipscing tempor zzril erat labore gubergren tempor velit. Aliquyam zzril dolor odio quod dolore amet dolore ea elit tempor elit. Tincidunt veniam consequat vero dolor lorem rebum aliquyam. Voluptua possim aliquyam duo feugait veniam eos amet et nonumy in. Sed ut sea diam dolor sadipscing aliquyam ipsum et clita at lorem consequat dolore ut.\n","publishDate":"2020-11-22T17:55:08.7410228+00:00"},{"id":13,"title":"Book 13","description":"No et in aliquyam adipiscing facer sea voluptua et aliquam volutpat amet magna ea takimata elitr sanctus. Lorem et labore. Veniam et magna molestie vulputate rebum at dolore sit facilisis. Diam sea sit duis at ipsum voluptua et dolore stet nonumy erat ipsum sit accusam dolores duis erat. Invidunt dolor at diam dolor sea ea dolor ea clita amet invidunt kasd. Diam sed in nulla rebum dolore dolor et elitr et velit voluptua velit dolores dolore cum ipsum facilisis. No feugait clita et erat est lorem no sit kasd accusam sed eos sed lorem takimata iriure rebum. Dolores sit nonumy delenit est eirmod sadipscing ut justo volutpat. Magna ea et dolore sit ea sed sea kasd in no justo. Kasd accusam erat nostrud diam qui feugait tempor diam euismod aliquyam amet possim consetetur takimata diam molestie aliquip. Te vulputate rebum sanctus. Eros duis eos erat eirmod ut erat takimata mazim sadipscing dolor. Dolor ipsum sed duo takimata vel sea est at et kasd et ut dolore at accusam tincidunt. Vero dolor ea kasd tempor magna clita. Amet ut rebum et sit magna et vero voluptua takimata. Velit ex elitr sanctus magna consectetuer.\n","pageCount":1300,"excerpt":"Accusam sed in sed nulla dolor amet luptatum hendrerit. Sed clita gubergren nisl sit te accusam facer et sit duis amet eu aliquip sit tempor. Consetetur illum diam stet eum lorem magna no nonumy gubergren clita takimata et sea enim enim est ut amet. Erat sed gubergren lorem erat. Nonumy ut voluptua no et facilisis amet rebum dolor dolores dolor velit ut clita. Erat vero consectetuer gubergren labore dolor sadipscing ut. In labore sanctus no sadipscing invidunt sit justo consequat sit kasd et dolore. Tempor ut vulputate dolore sanctus ipsum lorem et diam et nonumy volutpat labore luptatum.\nAmet amet amet aliquyam dolores stet dignissim diam et ea. Dolore et accusam dolor dolores lorem. Stet vero in nostrud. Odio dolor exerci wisi eos invidunt eros dolor illum iriure justo amet ea dolore. Dolor vel duo amet soluta diam autem duis at et magna sanctus justo sed justo eirmod et sit ut. Et eos sanctus clita est aliquyam rebum et sed est eirmod tempor invidunt sit zzril stet vero. Gubergren stet sea wisi dolor. Tincidunt rebum mazim clita ea est ipsum dolore sanctus dolor. Vero consetetur laoreet consetetur eos diam dolore nostrud eirmod at sadipscing justo sanctus eum in dolor. Sed enim et dolore magna sed et gubergren tempor dolore amet et tation nonumy option cum consetetur vulputate. Accusam rebum tempor tempor iriure takimata vel invidunt molestie consetetur consectetuer diam sadipscing sea. Feugait elitr et dolores et. Dolor cum justo accumsan amet ipsum magna sea exerci. Augue ipsum justo voluptua dolore lorem diam nihil nonumy eirmod eirmod ex et.\nIn duis volutpat. Et vero sed justo augue duo. Ipsum sit no dolore nobis consequat et no eirmod molestie et dolore et nonumy. Dolore nam labore labore duis assum et eros takimata elitr erat diam. Sed accusam wisi feugait. Dolor duo aliquyam esse. Suscipit sed dolor. Ipsum amet iusto wisi ipsum nulla ut tincidunt dolor duo commodo justo in diam volutpat dolor sadipscing takimata duo. Aliquyam ipsum ea feugiat vero. Accusam nisl aliquyam augue erat elitr sit adipiscing. Diam invidunt duis ipsum justo minim iusto dolore et clita velit kasd ea sed velit wisi lorem eos. Voluptua facilisis illum. Elitr amet eirmod lorem amet at nonumy sanctus dolor erat invidunt vel et sit at. Invidunt tempor justo. Et erat quis et. Exerci amet nulla justo et est dolor facilisis sea nonumy molestie dolore diam sed hendrerit voluptua. Ullamcorper et dolor labore.\nEos vero in et at. Amet accumsan labore ea augue dolore. No et et vero iriure duo elitr eros et dolores sadipscing et kasd et gubergren clita. Te at et sea takimata amet erat odio minim in. Enim dolor ea eos feugiat. Duo invidunt diam sadipscing ut dolores erat erat aliquam takimata justo blandit. Clita lobortis duis no hendrerit nonumy nulla et invidunt. Dolores tempor rebum consetetur dolore stet dignissim consectetuer kasd ut feugiat est invidunt. Dolor elitr nulla dolor stet voluptua. Dolor justo et iriure diam dolores veniam rebum gubergren. Elitr amet eros gubergren est eirmod sed praesent et lorem consetetur sea dolor et facilisi aliquyam diam takimata dolor. Aliquyam sadipscing aliquyam sanctus takimata sit ipsum duis ipsum. No justo sit aliquip sea esse congue et duis tempor dolores quis nulla takimata.\nEt et eirmod stet nonumy tempor amet eu accusam amet stet justo consequat et. Hendrerit enim eirmod sed vero tation kasd eum justo duis ipsum eu no vel. Minim takimata dolor lorem diam ea dolore diam nonumy laoreet. In ipsum no velit at eirmod eos wisi no amet elitr ut. Dolor erat lobortis justo consectetuer molestie at nostrud dolor est liber. Placerat dolore amet at ea accumsan dolores diam vero dolores augue. Ut accusam rebum nam sadipscing eos ut dignissim takimata elitr takimata amet et eum diam commodo ipsum. Eum duis ipsum accusam. Diam sed sed amet id eum aliquyam aliquyam aliquyam et ut illum veniam nulla ipsum zzril vero justo ut. Autem dolore amet amet ipsum dolore et nonumy enim mazim dolor et elit et sea. Ipsum kasd sed diam sit clita gubergren. Ipsum no ea consetetur kasd clita erat nulla dolores luptatum takimata nostrud et. Facer dolor tincidunt et amet vero ea sea lorem nonummy consequat no sed rebum erat sea gubergren sit.\n","publishDate":"2020-11-21T17:55:08.7672127+00:00"},{"id":14,"title":"Book 14","description":"Erat amet et et sed ipsum vero tempor congue aliquyam. No gubergren duis diam ad duo est dolor ipsum soluta. Est sanctus kasd ipsum sit est veniam no placerat. Kasd sanctus dolor te aliquyam et dolor magna. Tation vero ut et et ipsum et sea amet no eirmod et lorem consetetur consectetuer sed. Et at molestie sit vel velit vero nonumy ipsum laoreet dolores sed consectetuer commodo nonummy et ipsum sit ipsum. Eos sed lorem duo dolor magna erat lorem et sanctus kasd. Aliquip et suscipit stet dolor adipiscing gubergren eirmod dolor amet volutpat amet ipsum dolor sit kasd kasd ullamcorper. Lorem sed id ut nonumy et justo et ut accusam et lorem feugait kasd. At duis nonumy diam. At ut rebum ad nonumy mazim hendrerit stet lorem magna facilisi tempor dolore dolore clita aliquyam. Duo ipsum ea feugait sed clita dolores dolore et sea labore ut laoreet takimata et velit duo eirmod. Wisi magna gubergren diam aliquyam dolore et. Adipiscing voluptua amet eros dolore minim ea rebum lorem in feugiat sit takimata. Feugiat sanctus illum nonummy stet autem facilisi velit erat sit consetetur augue dolore aliquyam eos iusto justo. Rebum voluptua lorem sanctus diam amet ex iriure.\n","pageCount":1400,"excerpt":"Amet rebum amet eirmod takimata laoreet duo lorem ipsum magna justo aliquyam euismod sit diam blandit eu. Dolores consequat aliquyam diam accusam lorem invidunt aliquyam at euismod congue et sed sit esse nihil duis eos feugait. Sanctus eos nulla assum ullamcorper lorem eos ut gubergren takimata et no blandit illum sed tempor nonumy est. Autem dolor voluptua duis elitr est stet eum molestie sadipscing. Et amet vero nibh rebum facilisis diam sit eos sed magna dolor feugiat dolor feugait lorem option. Justo amet et iriure amet kasd diam erat vel sit. Kasd vero accusam elitr ipsum sed illum labore.\nDuo dolor nonumy magna sit commodo sit rebum clita sit dolor et sed lorem et. Sit sit stet eirmod et ut et ipsum kasd dolores gubergren no eu. Vero justo et erat est ipsum ut rebum ea sed. Sit eirmod accusam feugiat vel doming sanctus duis iriure clita. Accusam eirmod lorem et amet ut et labore lorem elitr. Iusto voluptua dolore gubergren. Sadipscing eos iusto consequat ut aliquip volutpat dolore invidunt amet. Consectetuer diam est kasd adipiscing sit no ipsum labore eos lorem. Elit sadipscing aliquyam odio te duis dolore consetetur lorem ipsum erat. Consetetur vero laoreet congue dolore dolore amet dolor sit enim vero sed. Minim ut facilisis dolores et autem et sit sit. Hendrerit sanctus et voluptua justo voluptua sanctus sed iriure gubergren hendrerit amet exerci in kasd feugiat ipsum dolore sed. Et odio ipsum ut erat ea ipsum sed dolore tempor nibh in nihil sit lorem eum. Gubergren ipsum labore diam eos veniam invidunt sadipscing magna mazim tempor sanctus erat dolor tempor. Consequat ipsum accusam ipsum ipsum ipsum erat sanctus sed no vulputate feugiat rebum. Tation possim tempor clita odio et takimata vero nulla erat consectetuer sed dolor eos magna accusam.\nNulla duo dolor ipsum. In et kasd autem. Erat ad at ut erat euismod magna et sit sadipscing laoreet ipsum. Laoreet eos voluptua dolore sanctus sit rebum feugait takimata ea facilisi justo wisi. Ad exerci dolor sanctus nonumy takimata feugait eum ut et magna clita vulputate sed lorem. Invidunt eirmod vero aliquyam sed at dolor lorem et tation diam sanctus et ea velit. Eu diam tempor est sanctus lorem magna sit sed consetetur et in voluptua. Eirmod et eros eirmod rebum et ea sit et hendrerit feugait in sed ea eros qui. Tempor blandit sed ipsum dolor et consetetur duis. Diam diam ipsum. Ipsum eu magna et kasd vero aliquyam et ut et duo lorem sea ipsum. Stet stet at accusam gubergren lorem ut nonumy nulla erat invidunt labore ad gubergren magna sed.\nDignissim diam magna clita duo et sit et at dolor consequat wisi et. Laoreet rebum molestie justo clita takimata consetetur. Aliquip facer at elitr at laoreet vel sea labore tempor erat consectetuer molestie facilisis amet amet amet accusam.\nErat ut stet consetetur rebum ad nonummy duo at minim duo. Diam nostrud ut. Possim sed dolores kasd elitr dolores dolor dolore dolore commodo. Sit rebum duo vero ullamcorper erat facilisi stet et ipsum ipsum sed nulla ipsum quis et gubergren tempor. Dolore at gubergren nostrud facilisis ex lorem no stet illum accusam diam hendrerit dolores sadipscing vel. Te assum sea nonumy nulla ea in accusam et ipsum liber stet duis labore vulputate consetetur est et amet. Justo ipsum aliquyam nonumy ad erat luptatum autem rebum ullamcorper diam eirmod adipiscing ullamcorper dolor. Clita dolor commodo vel accusam et diam ullamcorper elit sit et dolor dolor amet erat. Ipsum stet delenit et labore eirmod ea aliquam duis elitr et et lorem dolores dolor tempor. Magna eleifend ipsum consequat. Erat et tempor dolore lorem duo stet ex. Sit labore vero eos laoreet gubergren dignissim takimata vero tempor et te ipsum sed ut dolor sit dolore. Ipsum accusam dolor aliquam consequat augue labore facilisis aliquip sit sed et takimata magna lorem et invidunt vero sadipscing. Voluptua at sed eros et sit.\n","publishDate":"2020-11-20T17:55:08.7673018+00:00"},
[...]
<status status="PASS" starttime="20201204 14:55:11.242" endtime="20201204 14:55:11.242"></status>
</kw>
<kw name="Set Test Variable" library="BuiltIn">
<doc>Makes a variable available everywhere within the scope of the current test.</doc>
<arguments>
<arg>${RESPOSTA}</arg>
</arguments>
<msg timestamp="20201204 14:55:11.243" level="INFO">${RESPOSTA} = &lt;Response [200]&gt;</msg>
<status status="PASS" starttime="20201204 14:55:11.243" endtime="20201204 14:55:11.243"></status>
</kw>
<status status="PASS" starttime="20201204 14:55:10.858" endtime="20201204 14:55:11.243"></status>
</kw>
<kw name="Conferir status code" library="ResourceAPI">
<arguments>
<arg>200</arg>
</arguments>
<kw name="Should Be Equal As Strings" library="BuiltIn">
<doc>Fails if objects are unequal after converting them to strings.</doc>
<arguments>
<arg>${RESPOSTA.status_code}</arg>
<arg>${STATUSCODE_DESEJADO}</arg>
</arguments>
<msg timestamp="20201204 14:55:11.244" level="INFO">Argument types are:
&lt;class 'int'&gt;
&lt;type 'unicode'&gt;</msg>
<status status="PASS" starttime="20201204 14:55:11.244" endtime="20201204 14:55:11.244"></status>
</kw>
<kw name="Log" library="BuiltIn">
<doc>Logs the given message with the given level.</doc>
<arguments>
<arg>${RESPOSTA.status_code}</arg>
</arguments>
<msg timestamp="20201204 14:55:11.245" level="INFO">200</msg>
<status status="PASS" starttime="20201204 14:55:11.245" endtime="20201204 14:55:11.245"></status>
</kw>
<status status="PASS" starttime="20201204 14:55:11.243" endtime="20201204 14:55:11.245"></status>
</kw>
<kw name="Conferir o reason" library="ResourceAPI">
<arguments>
<arg>OK</arg>
</arguments>
<kw name="Should Be Equal As Strings" library="BuiltIn">
<doc>Fails if objects are unequal after converting them to strings.</doc>
<arguments>
<arg>${RESPOSTA.reason}</arg>
<arg>${REASON_DESEJADO}</arg>
</arguments>
<status status="PASS" starttime="20201204 14:55:11.246" endtime="20201204 14:55:11.246"></status>
</kw>
<status status="PASS" starttime="20201204 14:55:11.245" endtime="20201204 14:55:11.246"></status>
</kw>
<kw name="Conferir se retorna todos os dados corretos do livro 15" library="ResourceAPI">
<kw name="Dictionary Should Contain Item" library="Collections">
<doc>An item of ``key`` / ``value`` must be found in a ``dictionary``.</doc>
<arguments>
<arg>${RESPOSTA.json()}</arg>
<arg>id</arg>
<arg>${BOOK_15.id}</arg>
</arguments>
<status status="PASS" starttime="20201204 14:55:11.247" endtime="20201204 14:55:11.247"></status>
</kw>
<kw name="Dictionary Should Contain Item" library="Collections">
<doc>An item of ``key`` / ``value`` must be found in a ``dictionary``.</doc>
<arguments>
<arg>${RESPOSTA.json()}</arg>
<arg>title</arg>
<arg>${BOOK_15.title}</arg>
</arguments>
<status status="PASS" starttime="20201204 14:55:11.247" endtime="20201204 14:55:11.248"></status>
</kw>
<kw name="Should Not Be Empty" library="BuiltIn">
<doc>Verifies that the given item is not empty.</doc>
<arguments>
<arg>${RESPOSTA.json()["description"]}</arg>
</arguments>
<msg timestamp="20201204 14:55:11.248" level="INFO">Length is 539</msg>
<status status="PASS" starttime="20201204 14:55:11.248" endtime="20201204 14:55:11.248"></status>
</kw>
<status status="PASS" starttime="20201204 14:55:11.246" endtime="20201204 14:55:11.249"></status>
</kw>
<status status="PASS" starttime="20201204 14:55:10.858" endtime="20201204 14:55:11.249" critical="yes"></status>
</test>
<test id="s1-t3" name="Cadastrar um novo livro (POST)">
<kw name="Cadastrar um novo livro" library="ResourceAPI">
<kw name="Post Request" library="RequestsLibrary">
<doc>Send a POST request on the session object found using the
given `alias`</doc>
<arguments>
<arg>fakerestapi</arg>
<arg>Books</arg>
<arg>data={"id": 500,"title": "Teste","description": "teste","pageCount": 12,"excerpt": "teste","publishDate": "2020-12-03T20:29:45.795Z"}</arg>
<arg>headers=${HEADERS}</arg>
</arguments>
<assign>
<var>${RESPOSTA}</var>
</assign>
<msg timestamp="20201204 14:55:11.496" level="INFO">POST Request : url=http://fakerestapi.azurewebsites.net/api/v1//Books 
 path_url=/api/v1//Books 
 headers={'User-Agent': 'python-requests/2.25.0', 'Accept-Encoding': 'gzip, deflate', 'Accept': '*/*', 'Connection': 'keep-alive', 'content-type': 'application/json', 'Content-Length': '128'} 
 body=b'{"id": 500,"title": "Teste","description": "teste","pageCount": 12,"excerpt": "teste","publishDate": "2020-12-03T20:29:45.795Z"}' 
 </msg>
<msg timestamp="20201204 14:55:11.497" level="INFO">POST Response : url=http://fakerestapi.azurewebsites.net/api/v1//Books 
 status=200, reason=OK 
 body={"id":500,"title":"Teste","description":"teste","pageCount":12,"excerpt":"teste","publishDate":"2020-12-03T20:29:45.795Z"} 
 </msg>
<msg timestamp="20201204 14:55:11.497" level="INFO">${RESPOSTA} = &lt;Response [200]&gt;</msg>
<status status="PASS" starttime="20201204 14:55:11.250" endtime="20201204 14:55:11.497"></status>
</kw>
<kw name="Log" library="BuiltIn">
<doc>Logs the given message with the given level.</doc>
<arguments>
<arg>${RESPOSTA.text}</arg>
</arguments>
<msg timestamp="20201204 14:55:11.498" level="INFO">{"id":500,"title":"Teste","description":"teste","pageCount":12,"excerpt":"teste","publishDate":"2020-12-03T20:29:45.795Z"}</msg>
<status status="PASS" starttime="20201204 14:55:11.497" endtime="20201204 14:55:11.498"></status>
</kw>
<kw name="Set Test Variable" library="BuiltIn">
<doc>Makes a variable available everywhere within the scope of the current test.</doc>
<arguments>
<arg>${RESPOSTA}</arg>
</arguments>
<msg timestamp="20201204 14:55:11.498" level="INFO">${RESPOSTA} = &lt;Response [200]&gt;</msg>
<status status="PASS" starttime="20201204 14:55:11.498" endtime="20201204 14:55:11.498"></status>
</kw>
<status status="PASS" starttime="20201204 14:55:11.250" endtime="20201204 14:55:11.498"></status>
</kw>
<kw name="Conferir se retorna todos os dados cadastrados do livro &quot;500&quot;" library="ResourceAPI">
<kw name="Conferir livro" library="ResourceAPI">
<arguments>
<arg>${ID_LIVRO}</arg>
</arguments>
<kw name="Dictionary Should Contain Item" library="Collections">
<doc>An item of ``key`` / ``value`` must be found in a ``dictionary``.</doc>
<arguments>
<arg>${RESPOSTA.json()}</arg>
<arg>id</arg>
<arg>${BOOK_${ID_LIVRO}.id}</arg>
</arguments>
<status status="PASS" starttime="20201204 14:55:11.500" endtime="20201204 14:55:11.500"></status>
</kw>
<kw name="Dictionary Should Contain Item" library="Collections">
<doc>An item of ``key`` / ``value`` must be found in a ``dictionary``.</doc>
<arguments>
<arg>${RESPOSTA.json()}</arg>
<arg>title</arg>
<arg>${BOOK_${ID_LIVRO}.title}</arg>
</arguments>
<status status="PASS" starttime="20201204 14:55:11.500" endtime="20201204 14:55:11.501"></status>
</kw>
<kw name="Dictionary Should Contain Item" library="Collections">
<doc>An item of ``key`` / ``value`` must be found in a ``dictionary``.</doc>
<arguments>
<arg>${RESPOSTA.json()}</arg>
<arg>description</arg>
<arg>${BOOK_${ID_LIVRO}.description}</arg>
</arguments>
<status status="PASS" starttime="20201204 14:55:11.501" endtime="20201204 14:55:11.501"></status>
</kw>
<kw name="Dictionary Should Contain Item" library="Collections">
<doc>An item of ``key`` / ``value`` must be found in a ``dictionary``.</doc>
<arguments>
<arg>${RESPOSTA.json()}</arg>
<arg>pageCount</arg>
<arg>${BOOK_${ID_LIVRO}.pageCount}</arg>
</arguments>
<status status="PASS" starttime="20201204 14:55:11.502" endtime="20201204 14:55:11.502"></status>
</kw>
<kw name="Dictionary Should Contain Item" library="Collections">
<doc>An item of ``key`` / ``value`` must be found in a ``dictionary``.</doc>
<arguments>
<arg>${RESPOSTA.json()}</arg>
<arg>excerpt</arg>
<arg>${BOOK_${ID_LIVRO}.excerpt}</arg>
</arguments>
<status status="PASS" starttime="20201204 14:55:11.502" endtime="20201204 14:55:11.503"></status>
</kw>
<kw name="Dictionary Should Contain Item" library="Collections">
<doc>An item of ``key`` / ``value`` must be found in a ``dictionary``.</doc>
<arguments>
<arg>${RESPOSTA.json()}</arg>
<arg>publishDate</arg>
<arg>${BOOK_${ID_LIVRO}.publishDate}</arg>
</arguments>
<status status="PASS" starttime="20201204 14:55:11.503" endtime="20201204 14:55:11.503"></status>
</kw>
<status status="PASS" starttime="20201204 14:55:11.499" endtime="20201204 14:55:11.503"></status>
</kw>
<status status="PASS" starttime="20201204 14:55:11.499" endtime="20201204 14:55:11.504"></status>
</kw>
<status status="PASS" starttime="20201204 14:55:11.249" endtime="20201204 14:55:11.504" critical="yes"></status>
</test>
<test id="s1-t4" name="Alterar um livro (PUT)">
<kw name="Alterar o livro &quot;100&quot;" library="ResourceAPI">
<kw name="Put Request" library="RequestsLibrary">
<doc>Send a PUT request on the session object found using the
given `alias`</doc>
<arguments>
<arg>fakerestapi</arg>
<arg>Books/${ID_LIVRO}</arg>
<arg>data={"id": ${BOOK_100.id},"title": "${BOOK_100.title}","description": "${BOOK_100.description}","pageCount": ${BOOK_100.pageCount},"excerpt": "${BOOK_100.excerpt}","publishDate": "${BOOK_100.publishDate}"}</arg>
<arg>headers=${HEADERS}</arg>
</arguments>
<assign>
<var>${RESPOSTA}</var>
</assign>
<msg timestamp="20201204 14:55:11.854" level="INFO">PUT Request : url=http://fakerestapi.azurewebsites.net/api/v1//Books/100 
 path_url=/api/v1//Books/100 
 headers={'User-Agent': 'python-requests/2.25.0', 'Accept-Encoding': 'gzip, deflate', 'Accept': '*/*', 'Connection': 'keep-alive', 'content-type': 'application/json', 'Content-Length': '188'} 
 body=b'{"id": 100,"title": "Book 100 alterado","description": "Descri\xc3\xa7\xc3\xa3o do book 100 alteada","pageCount": 600,"excerpt": "Resumo do book 100 alteado","publishDate": "2017-04-26T15:58:14.765Z"}' 
 </msg>
<msg timestamp="20201204 14:55:11.854" level="INFO">PUT Response : url=http://fakerestapi.azurewebsites.net/api/v1//Books/100 
 status=200, reason=OK 
 body={"id":100,"title":"Book 100 alterado","description":"Descrição do book 100 alteada","pageCount":600,"excerpt":"Resumo do book 100 alteado","publishDate":"2017-04-26T15:58:14.765Z"} 
 </msg>
<msg timestamp="20201204 14:55:11.855" level="INFO">${RESPOSTA} = &lt;Response [200]&gt;</msg>
<status status="PASS" starttime="20201204 14:55:11.505" endtime="20201204 14:55:11.855"></status>
</kw>
<kw name="Log" library="BuiltIn">
<doc>Logs the given message with the given level.</doc>
<arguments>
<arg>${RESPOSTA.text}</arg>
</arguments>
<msg timestamp="20201204 14:55:11.855" level="INFO">{"id":100,"title":"Book 100 alterado","description":"Descrição do book 100 alteada","pageCount":600,"excerpt":"Resumo do book 100 alteado","publishDate":"2017-04-26T15:58:14.765Z"}</msg>
<status status="PASS" starttime="20201204 14:55:11.855" endtime="20201204 14:55:11.856"></status>
</kw>
<kw name="Set Test Variable" library="BuiltIn">
<doc>Makes a variable available everywhere within the scope of the current test.</doc>
<arguments>
<arg>${RESPOSTA}</arg>
</arguments>
<msg timestamp="20201204 14:55:11.856" level="INFO">${RESPOSTA} = &lt;Response [200]&gt;</msg>
<status status="PASS" starttime="20201204 14:55:11.856" endtime="20201204 14:55:11.856"></status>
</kw>
<status status="PASS" starttime="20201204 14:55:11.505" endtime="20201204 14:55:11.856"></status>
</kw>
<kw name="Conferir status code" library="ResourceAPI">
<arguments>
<arg>200</arg>
</arguments>
<kw name="Should Be Equal As Strings" library="BuiltIn">
<doc>Fails if objects are unequal after converting them to strings.</doc>
<arguments>
<arg>${RESPOSTA.status_code}</arg>
<arg>${STATUSCODE_DESEJADO}</arg>
</arguments>
<msg timestamp="20201204 14:55:11.857" level="INFO">Argument types are:
&lt;class 'int'&gt;
&lt;type 'unicode'&gt;</msg>
<status status="PASS" starttime="20201204 14:55:11.857" endtime="20201204 14:55:11.857"></status>
</kw>
<kw name="Log" library="BuiltIn">
<doc>Logs the given message with the given level.</doc>
<arguments>
<arg>${RESPOSTA.status_code}</arg>
</arguments>
<msg timestamp="20201204 14:55:11.858" level="INFO">200</msg>
<status status="PASS" starttime="20201204 14:55:11.858" endtime="20201204 14:55:11.858"></status>
</kw>
<status status="PASS" starttime="20201204 14:55:11.856" endtime="20201204 14:55:11.858"></status>
</kw>
<kw name="Conferir o reason" library="ResourceAPI">
<arguments>
<arg>OK</arg>
</arguments>
<kw name="Should Be Equal As Strings" library="BuiltIn">
<doc>Fails if objects are unequal after converting them to strings.</doc>
<arguments>
<arg>${RESPOSTA.reason}</arg>
<arg>${REASON_DESEJADO}</arg>
</arguments>
<status status="PASS" starttime="20201204 14:55:11.859" endtime="20201204 14:55:11.859"></status>
</kw>
<status status="PASS" starttime="20201204 14:55:11.858" endtime="20201204 14:55:11.860"></status>
</kw>
<kw name="Conferir se retorna todos os dados alterados do livro &quot;100&quot;" library="ResourceAPI">
<kw name="Conferir livro" library="ResourceAPI">
<arguments>
<arg>${ID_LIVRO}</arg>
</arguments>
<kw name="Dictionary Should Contain Item" library="Collections">
<doc>An item of ``key`` / ``value`` must be found in a ``dictionary``.</doc>
<arguments>
<arg>${RESPOSTA.json()}</arg>
<arg>id</arg>
<arg>${BOOK_${ID_LIVRO}.id}</arg>
</arguments>
<status status="PASS" starttime="20201204 14:55:11.861" endtime="20201204 14:55:11.861"></status>
</kw>
<kw name="Dictionary Should Contain Item" library="Collections">
<doc>An item of ``key`` / ``value`` must be found in a ``dictionary``.</doc>
<arguments>
<arg>${RESPOSTA.json()}</arg>
<arg>title</arg>
<arg>${BOOK_${ID_LIVRO}.title}</arg>
</arguments>
<status status="PASS" starttime="20201204 14:55:11.861" endtime="20201204 14:55:11.862"></status>
</kw>
<kw name="Dictionary Should Contain Item" library="Collections">
<doc>An item of ``key`` / ``value`` must be found in a ``dictionary``.</doc>
<arguments>
<arg>${RESPOSTA.json()}</arg>
<arg>description</arg>
<arg>${BOOK_${ID_LIVRO}.description}</arg>
</arguments>
<status status="PASS" starttime="20201204 14:55:11.862" endtime="20201204 14:55:11.862"></status>
</kw>
<kw name="Dictionary Should Contain Item" library="Collections">
<doc>An item of ``key`` / ``value`` must be found in a ``dictionary``.</doc>
<arguments>
<arg>${RESPOSTA.json()}</arg>
<arg>pageCount</arg>
<arg>${BOOK_${ID_LIVRO}.pageCount}</arg>
</arguments>
<status status="PASS" starttime="20201204 14:55:11.863" endtime="20201204 14:55:11.863"></status>
</kw>
<kw name="Dictionary Should Contain Item" library="Collections">
<doc>An item of ``key`` / ``value`` must be found in a ``dictionary``.</doc>
<arguments>
<arg>${RESPOSTA.json()}</arg>
<arg>excerpt</arg>
<arg>${BOOK_${ID_LIVRO}.excerpt}</arg>
</arguments>
<status status="PASS" starttime="20201204 14:55:11.863" endtime="20201204 14:55:11.864"></status>
</kw>
<kw name="Dictionary Should Contain Item" library="Collections">
<doc>An item of ``key`` / ``value`` must be found in a ``dictionary``.</doc>
<arguments>
<arg>${RESPOSTA.json()}</arg>
<arg>publishDate</arg>
<arg>${BOOK_${ID_LIVRO}.publishDate}</arg>
</arguments>
<status status="PASS" starttime="20201204 14:55:11.864" endtime="20201204 14:55:11.864"></status>
</kw>
<status status="PASS" starttime="20201204 14:55:11.860" endtime="20201204 14:55:11.864"></status>
</kw>
<status status="PASS" starttime="20201204 14:55:11.860" endtime="20201204 14:55:11.865"></status>
</kw>
<status status="PASS" starttime="20201204 14:55:11.504" endtime="20201204 14:55:11.865" critical="yes"></status>
</test>
<test id="s1-t5" name="Deletar um livro (DELETE)">
<kw name="Excluir o livro &quot;500&quot;" library="ResourceAPI">
<kw name="Delete Request" library="RequestsLibrary">
<doc>Send a DELETE request on the session object found using the
given `alias`</doc>
<arguments>
<arg>fakerestapi</arg>
<arg>Books/${ID_LIVRO}</arg>
</arguments>
<assign>
<var>${RESPOSTA}</var>
</assign>
<msg timestamp="20201204 14:55:12.159" level="INFO">DELETE Request : url=http://fakerestapi.azurewebsites.net/api/v1//Books/500 
 path_url=/api/v1//Books/500 
 headers={'User-Agent': 'python-requests/2.25.0', 'Accept-Encoding': 'gzip, deflate', 'Accept': '*/*', 'Connection': 'keep-alive', 'Content-Length': '0'} 
 body=None 
 </msg>
<msg timestamp="20201204 14:55:12.159" level="INFO">DELETE Response : url=http://fakerestapi.azurewebsites.net/api/v1//Books/500 
 status=200, reason=OK 
 body=None 
 </msg>
<msg timestamp="20201204 14:55:12.159" level="INFO">${RESPOSTA} = &lt;Response [200]&gt;</msg>
<status status="PASS" starttime="20201204 14:55:11.866" endtime="20201204 14:55:12.159"></status>
</kw>
<kw name="Log" library="BuiltIn">
<doc>Logs the given message with the given level.</doc>
<arguments>
<arg>${RESPOSTA.text}</arg>
</arguments>
<msg timestamp="20201204 14:55:12.160" level="INFO"></msg>
<status status="PASS" starttime="20201204 14:55:12.159" endtime="20201204 14:55:12.160"></status>
</kw>
<kw name="Set Test Variable" library="BuiltIn">
<doc>Makes a variable available everywhere within the scope of the current test.</doc>
<arguments>
<arg>${RESPOSTA}</arg>
</arguments>
<msg timestamp="20201204 14:55:12.160" level="INFO">${RESPOSTA} = &lt;Response [200]&gt;</msg>
<status status="PASS" starttime="20201204 14:55:12.160" endtime="20201204 14:55:12.161"></status>
</kw>
<status status="PASS" starttime="20201204 14:55:11.865" endtime="20201204 14:55:12.161"></status>
</kw>
<kw name="Conferir status code" library="ResourceAPI">
<arguments>
<arg>200</arg>
</arguments>
<kw name="Should Be Equal As Strings" library="BuiltIn">
<doc>Fails if objects are unequal after converting them to strings.</doc>
<arguments>
<arg>${RESPOSTA.status_code}</arg>
<arg>${STATUSCODE_DESEJADO}</arg>
</arguments>
<msg timestamp="20201204 14:55:12.162" level="INFO">Argument types are:
&lt;class 'int'&gt;
&lt;type 'unicode'&gt;</msg>
<status status="PASS" starttime="20201204 14:55:12.161" endtime="20201204 14:55:12.162"></status>
</kw>
<kw name="Log" library="BuiltIn">
<doc>Logs the given message with the given level.</doc>
<arguments>
<arg>${RESPOSTA.status_code}</arg>
</arguments>
<msg timestamp="20201204 14:55:12.162" level="INFO">200</msg>
<status status="PASS" starttime="20201204 14:55:12.162" endtime="20201204 14:55:12.162"></status>
</kw>
<status status="PASS" starttime="20201204 14:55:12.161" endtime="20201204 14:55:12.162"></status>
</kw>
<kw name="Conferir o reason" library="ResourceAPI">
<arguments>
<arg>OK</arg>
</arguments>
<kw name="Should Be Equal As Strings" library="BuiltIn">
<doc>Fails if objects are unequal after converting them to strings.</doc>
<arguments>
<arg>${RESPOSTA.reason}</arg>
<arg>${REASON_DESEJADO}</arg>
</arguments>
<status status="PASS" starttime="20201204 14:55:12.163" endtime="20201204 14:55:12.163"></status>
</kw>
<status status="PASS" starttime="20201204 14:55:12.163" endtime="20201204 14:55:12.164"></status>
</kw>
<kw name="Conferir se excluiu o livro &quot;500&quot;" library="ResourceAPI">
<kw name="Should Be Empty" library="BuiltIn">
<doc>Verifies that the given item is empty.</doc>
<arguments>
<arg>${RESPOSTA.content}</arg>
</arguments>
<msg timestamp="20201204 14:55:12.164" level="INFO">Length is 0</msg>
<status status="PASS" starttime="20201204 14:55:12.164" endtime="20201204 14:55:12.165"></status>
</kw>
<status status="PASS" starttime="20201204 14:55:12.164" endtime="20201204 14:55:12.165"></status>
</kw>
<status status="PASS" starttime="20201204 14:55:11.865" endtime="20201204 14:55:12.165" critical="yes"></status>
</test>
<status status="PASS" starttime="20201204 14:55:08.264" endtime="20201204 14:55:12.166"></status>
</suite>
<statistics>
<total>
<stat pass="5" fail="0">Critical Tests</stat>
<stat pass="5" fail="0">All Tests</stat>
</total>
<tag>
</tag>
<suite>
<stat pass="5" fail="0" id="s1" name="TestCasesAPIBooks">TestCasesAPIBooks</stat>
</suite>
</statistics>
<errors>
</errors>
</robot>
